#
# A fatal error has been detected by the Java Runtime Environment:
#
#  EXCEPTION_ACCESS_VIOLATION (0xc0000005) at pc=0x00007ffa4b2fa414, pid=7300, tid=18472
#
# JRE version: Java(TM) SE Runtime Environment (10.0.2+13) (build 10.0.2+13)
# Java VM: Java HotSpot(TM) 64-Bit Server VM (10.0.2+13, mixed mode, tiered, compressed oops, g1 gc, windows-amd64)
# Problematic frame:
# C  0x00007ffa4b2fa414
#
# No core dump will be written. Minidumps are not enabled by default on client versions of Windows
#
# If you would like to submit a bug report, please visit:
#   http://bugreport.java.com/bugreport/crash.jsp
# The crash happened outside the Java Virtual Machine in native code.
# See problematic frame for where to report the bug.
#

---------------  S U M M A R Y ------------

Command Line: -Dfile.encoding=Cp1250 kretowicz_komosinski.app.FindYourSatelite

Host: Intel(R) Core(TM) i7-8700 CPU @ 3.20GHz, 12 cores, 15G,  Windows 10 , 64 bit Build 17134 (10.0.17134.1)
Time: Tue Jan 29 12:47:06 2019 ?rodkowoeuropejski czas stand. elapsed time: 7 seconds (0d 0h 0m 7s)

---------------  T H R E A D  ---------------

Current thread (0x00000270988ef800):  JavaThread "Thread-36" [_thread_in_native, id=18472, stack(0x000000749a780000,0x000000749a880000)]

Stack: [0x000000749a780000,0x000000749a880000],  sp=0x000000749a87ed30,  free space=1019k
Native frames: (J=compiled Java code, j=interpreted, Vv=VM code, C=native code)
C  0x00007ffa4b2fa414

Java frames: (J=compiled Java code, j=interpreted, Vv=VM code)
j  com.esri.arcgisruntime.internal.jni.CoreRequest.nativeGetParameters(J)J+0
j  com.esri.arcgisruntime.internal.jni.CoreRequest.j()Lcom/esri/arcgisruntime/internal/jni/CoreStringDictionary;+4
j  com.esri.arcgisruntime.layers.ArcGISTiledLayer$2.a()Lcom/esri/arcgisruntime/internal/io/handler/request/e;+19
j  com.esri.arcgisruntime.layers.ArcGISTiledLayer$2.call()Ljava/lang/Object;+1
j  java.util.concurrent.FutureTask.run()V+39 java.base@10.0.2
j  java.util.concurrent.ThreadPoolExecutor.runWorker(Ljava/util/concurrent/ThreadPoolExecutor$Worker;)V+92 java.base@10.0.2
j  java.util.concurrent.ThreadPoolExecutor$Worker.run()V+5 java.base@10.0.2
j  java.lang.Thread.run()V+11 java.base@10.0.2
v  ~StubRoutines::call_stub

siginfo: EXCEPTION_ACCESS_VIOLATION (0xc0000005), writing address 0x0000000200000009


Register to memory mapping:

RIP=0x00007ffa4b2fa414 is an unknown value
RAX=0x0000668102537c81 is an unknown value
RBX={method} {0x00000270983f5d28} 'nativeGetParameters' '(J)J' in 'com/esri/arcgisruntime/internal/jni/CoreRequest'
RCX=0x000002709dc98e70 is an unknown value
RDX=0x000000749a87ee00 is pointing into the stack for thread: 0x00000270988ef800
RSP=0x000000749a87ed30 is pointing into the stack for thread: 0x00000270988ef800
RBP=0x000000749a87eeb0 is pointing into the stack for thread: 0x00000270988ef800
RSI=0x00000006caba0790 is pointing into object: 0x00000006cab0ef88

[error occurred during error reporting (printing register info), id 0xc0000005]

Registers:
RAX=0x0000668102537c81, RBX=0x00000270983f5d20, RCX=0x000002709dc98e70, RDX=0x000000749a87ee00
RSP=0x000000749a87ed30, RBP=0x000000749a87eeb0, RSI=0x00000006caba0790, RDI=0x0000000200000001
R8 =0x000002709dc98e70, R9 =0x000002709dea4a80, R10=0x00000270ee69f2e8, R11=0x00000006ce51c9c8
R12=0x0000000000000000, R13=0x00000270983f5d20, R14=0x000000749a87eed8, R15=0x00000270988ef800
RIP=0x00007ffa4b2fa414, EFLAGS=0x0000000000010202

Top of Stack: (sp=0x000000749a87ed30)
0x000000749a87ed30:   00000074ffffffff 0000000000000000
0x000000749a87ed40:   0000000000000000 00000270988ef800
0x000000749a87ed50:   000000749a87ee00 00000270988ef800
0x000000749a87ed60:   000000749a87ee68 fffffffffffffffe
0x000000749a87ed70:   00000270ee698990 0000027000000000
0x000000749a87ed80:   000000749a87eeb0 000000749a87ee68
0x000000749a87ed90:   0000000000000000 0000000000000058
0x000000749a87eda0:   00007ffaffffffff 00000006caba0790
0x000000749a87edb0:   000000749a87eeb0 00000270988ef800
0x000000749a87edc0:   00000270988ef800 0000668102537c81
0x000000749a87edd0:   0000000000000000 00007ffa7e8b9e32
0x000000749a87ede0:   00000270ee698990 0000000000000000
0x000000749a87edf0:   00000270983f5d20 00000006caba0790
0x000000749a87ee00:   00007ffa7e851100 00000270988efa70
0x000000749a87ee10:   0000762a3fc366fc 00000006caba0790
0x000000749a87ee20:   000000749a87ef28 00000270ee69f317 

Instructions: (pc=0x00007ffa4b2fa414)
0x00007ffa4b2fa3f4:   c4 48 89 84 24 98 00 00 00 48 89 54 24 20 48 85
0x00007ffa4b2fa404:   c9 0f 84 de 00 00 00 48 8b 79 08 48 85 ff 74 08
0x00007ffa4b2fa414:   f0 ff 47 08 48 8b 79 08 48 8b 01 48 89 44 24 28
0x00007ffa4b2fa424:   48 89 7c 24 30 48 8d 70 58 b9 10 00 00 00 e8 bd 



---------------  P R O C E S S  ---------------

Threads class SMR info:
_java_thread_list=0x000002709664fd60, length=71, elements={
0x00000270e6edd800, 0x000002708aa94000, 0x000002708aa9d000, 0x000002708aaac800,
0x000002708aaad000, 0x000002708aaae000, 0x000002708aab3000, 0x000002708aab9000,
0x000002708aaba000, 0x000002708aabf800, 0x000002708ac7c800, 0x000002708aca5800,
0x000002708b1b5800, 0x000002708b254800, 0x000002708b256800, 0x000002708aca2000,
0x000002708b590800, 0x0000027096378000, 0x0000027096648000, 0x0000027096647000,
0x0000027096649800, 0x0000027096648800, 0x0000027096646800, 0x0000027096644000,
0x000002709664b000, 0x0000027096644800, 0x0000027098901000, 0x00000270988ff800,
0x0000027098902800, 0x0000027098902000, 0x00000270988fe800, 0x0000027098905000,
0x0000027098904000, 0x0000027098903800, 0x0000027098906000, 0x0000027098906800,
0x0000027098907800, 0x0000027098900800, 0x0000027098909800, 0x000002709890a800,
0x0000027098909000, 0x000002709890b800, 0x0000027098908000, 0x000002709890c000,
0x000002709890d000, 0x000002709664a000, 0x00000270988f2000, 0x00000270988ee000,
0x00000270988f2800, 0x00000270988f3800, 0x00000270988f5000, 0x00000270988ef800,
0x00000270988f0800, 0x00000270988f4000, 0x00000270988f1000, 0x00000270988ee800,
0x00000270988f7800, 0x00000270988fd000, 0x00000270988f8000, 0x00000270988fc000,
0x00000270988f9000, 0x00000270988f6800, 0x00000270988fa800, 0x00000270988f6000,
0x00000270988fb800, 0x00000270988fe000, 0x000002709dfe7800, 0x000002709dfe6000,
0x000002709dfe3800, 0x000002709dfeb000, 0x000002709dfe4800
}

Java Threads: ( => current thread )
  0x00000270e6edd800 JavaThread "main" [_thread_blocked, id=6928, stack(0x0000007494b00000,0x0000007494c00000)]
  0x000002708aa94000 JavaThread "Reference Handler" daemon [_thread_blocked, id=20424, stack(0x0000007496600000,0x0000007496700000)]
  0x000002708aa9d000 JavaThread "Finalizer" daemon [_thread_blocked, id=15044, stack(0x0000007496700000,0x0000007496800000)]
  0x000002708aaac800 JavaThread "Signal Dispatcher" daemon [_thread_blocked, id=7584, stack(0x0000007496800000,0x0000007496900000)]
  0x000002708aaad000 JavaThread "Attach Listener" daemon [_thread_blocked, id=20456, stack(0x0000007496900000,0x0000007496a00000)]
  0x000002708aaae000 JavaThread "C2 CompilerThread0" daemon [_thread_in_native, id=4220, stack(0x0000007496a00000,0x0000007496b00000)]
  0x000002708aab3000 JavaThread "C2 CompilerThread1" daemon [_thread_in_native, id=18684, stack(0x0000007496b00000,0x0000007496c00000)]
  0x000002708aab9000 JavaThread "C2 CompilerThread2" daemon [_thread_blocked, id=20924, stack(0x0000007496c00000,0x0000007496d00000)]
  0x000002708aaba000 JavaThread "C1 CompilerThread3" daemon [_thread_blocked, id=11928, stack(0x0000007496d00000,0x0000007496e00000)]
  0x000002708aabf800 JavaThread "Sweeper thread" daemon [_thread_blocked, id=13516, stack(0x0000007496e00000,0x0000007496f00000)]
  0x000002708ac7c800 JavaThread "Service Thread" daemon [_thread_blocked, id=3860, stack(0x0000007496f00000,0x0000007497000000)]
  0x000002708aca5800 JavaThread "Common-Cleaner" daemon [_thread_blocked, id=23704, stack(0x0000007497000000,0x0000007497100000)]
  0x000002708b1b5800 JavaThread "QuantumRenderer-0" daemon [_thread_blocked, id=23868, stack(0x0000007497200000,0x0000007497300000)]
  0x000002708b254800 JavaThread "InvokeLaterDispatcher" daemon [_thread_blocked, id=8776, stack(0x0000007497400000,0x0000007497500000)]
  0x000002708b256800 JavaThread "JavaFX Application Thread" [_thread_in_vm, id=25312, stack(0x0000007497500000,0x0000007497600000)]
  0x000002708aca2000 JavaThread "JavaFX-Launcher" [_thread_blocked, id=17984, stack(0x0000007497730000,0x0000007497830000)]
  0x000002708b590800 JavaThread "Thread-2" daemon [_thread_blocked, id=18988, stack(0x0000007497630000,0x0000007497730000)]
  0x0000027096378000 JavaThread "Java2D Disposer" daemon [_thread_blocked, id=16432, stack(0x0000007497830000,0x0000007497930000)]
  0x0000027096648000 JavaThread "Thread-4" [_thread_in_native, id=24756, stack(0x0000007497e50000,0x0000007497f50000)]
  0x0000027096647000 JavaThread "Prism Font Disposer" daemon [_thread_blocked, id=20436, stack(0x0000007497f50000,0x0000007498050000)]
  0x0000027096649800 JavaThread "Thread-5" [_thread_in_native, id=5272, stack(0x0000007498160000,0x0000007498260000)]
  0x0000027096648800 JavaThread "Thread-6" [_thread_in_native, id=5292, stack(0x0000007498260000,0x0000007498360000)]
  0x0000027096646800 JavaThread "Thread-7" [_thread_in_native, id=11312, stack(0x00000074989c0000,0x0000007498ac0000)]
  0x0000027096644000 JavaThread "Thread-8" [_thread_in_native, id=9656, stack(0x0000007498ac0000,0x0000007498bc0000)]
  0x000002709664b000 JavaThread "Thread-9" [_thread_in_native, id=15764, stack(0x0000007498bc0000,0x0000007498cc0000)]
  0x0000027096644800 JavaThread "Thread-10" [_thread_in_native, id=12572, stack(0x0000007498cc0000,0x0000007498dc0000)]
  0x0000027098901000 JavaThread "Thread-11" [_thread_in_native, id=25568, stack(0x0000007498dc0000,0x0000007498ec0000)]
  0x00000270988ff800 JavaThread "Thread-12" [_thread_in_native, id=20352, stack(0x0000007498ec0000,0x0000007498fc0000)]
  0x0000027098902800 JavaThread "Thread-13" [_thread_in_native, id=19932, stack(0x0000007498fc0000,0x00000074990c0000)]
  0x0000027098902000 JavaThread "Thread-14" [_thread_in_native, id=10388, stack(0x00000074990c0000,0x00000074991c0000)]
  0x00000270988fe800 JavaThread "Thread-15" [_thread_in_native, id=24488, stack(0x00000074991c0000,0x00000074992c0000)]
  0x0000027098905000 JavaThread "Thread-16" [_thread_in_native, id=11944, stack(0x00000074992c0000,0x00000074993c0000)]
  0x0000027098904000 JavaThread "Thread-17" [_thread_in_native, id=19676, stack(0x00000074993c0000,0x00000074994c0000)]
  0x0000027098903800 JavaThread "Thread-18" [_thread_in_native, id=12556, stack(0x00000074994c0000,0x00000074995c0000)]
  0x0000027098906000 JavaThread "Thread-19" [_thread_in_native, id=6140, stack(0x00000074995c0000,0x00000074996c0000)]
  0x0000027098906800 JavaThread "Thread-20" [_thread_in_native, id=14988, stack(0x00000074996c0000,0x00000074997c0000)]
  0x0000027098907800 JavaThread "Thread-21" [_thread_in_native, id=22440, stack(0x00000074997c0000,0x00000074998c0000)]
  0x0000027098900800 JavaThread "Thread-22" [_thread_in_native, id=23564, stack(0x00000074998c0000,0x00000074999c0000)]
  0x0000027098909800 JavaThread "Thread-23" [_thread_in_native, id=25224, stack(0x00000074999c0000,0x0000007499ac0000)]
  0x000002709890a800 JavaThread "Thread-24" [_thread_in_native, id=24824, stack(0x0000007499ac0000,0x0000007499bc0000)]
  0x0000027098909000 JavaThread "Thread-25" [_thread_in_native, id=12364, stack(0x0000007499bc0000,0x0000007499cc0000)]
  0x000002709890b800 JavaThread "Thread-26" [_thread_in_native, id=17512, stack(0x0000007499cc0000,0x0000007499dc0000)]
  0x0000027098908000 JavaThread "Thread-27" [_thread_in_native, id=25372, stack(0x0000007499dc0000,0x0000007499ec0000)]
  0x000002709890c000 JavaThread "Thread-28" [_thread_in_native, id=3672, stack(0x0000007499f80000,0x000000749a080000)]
  0x000002709890d000 JavaThread "Thread-29" [_thread_in_native, id=20844, stack(0x000000749a080000,0x000000749a180000)]
  0x000002709664a000 JavaThread "Thread-30" [_thread_blocked, id=4252, stack(0x000000749a180000,0x000000749a280000)]
  0x00000270988f2000 JavaThread "Thread-31" [_thread_in_native, id=8904, stack(0x000000749a280000,0x000000749a380000)]
  0x00000270988ee000 JavaThread "Thread-32" [_thread_in_native, id=6552, stack(0x000000749a380000,0x000000749a480000)]
  0x00000270988f2800 JavaThread "Thread-33" [_thread_in_native, id=14332, stack(0x000000749a480000,0x000000749a580000)]
  0x00000270988f3800 JavaThread "Thread-34" [_thread_in_native, id=9020, stack(0x000000749a580000,0x000000749a680000)]
  0x00000270988f5000 JavaThread "Thread-35" [_thread_in_native, id=4656, stack(0x000000749a680000,0x000000749a780000)]
=>0x00000270988ef800 JavaThread "Thread-36" [_thread_in_native, id=18472, stack(0x000000749a780000,0x000000749a880000)]
  0x00000270988f0800 JavaThread "Thread-37" [_thread_in_native, id=14912, stack(0x000000749a880000,0x000000749a980000)]
  0x00000270988f4000 JavaThread "Thread-38" [_thread_in_native, id=9272, stack(0x000000749a980000,0x000000749aa80000)]
  0x00000270988f1000 JavaThread "Thread-39" [_thread_in_native, id=25068, stack(0x000000749aa80000,0x000000749ab80000)]
  0x00000270988ee800 JavaThread "Thread-40" [_thread_in_native, id=20184, stack(0x000000749ab80000,0x000000749ac80000)]
  0x00000270988f7800 JavaThread "Thread-41" [_thread_in_native, id=3124, stack(0x000000749ac80000,0x000000749ad80000)]
  0x00000270988fd000 JavaThread "Thread-42" [_thread_blocked, id=5488, stack(0x000000749ad80000,0x000000749ae80000)]
  0x00000270988f8000 JavaThread "Thread-43" [_thread_in_native, id=23876, stack(0x000000749ae80000,0x000000749af80000)]
  0x00000270988fc000 JavaThread "Thread-44" [_thread_in_native, id=13812, stack(0x000000749af80000,0x000000749b080000)]
  0x00000270988f9000 JavaThread "Thread-45" [_thread_in_native, id=13988, stack(0x000000749b080000,0x000000749b180000)]
  0x00000270988f6800 JavaThread "Thread-46" [_thread_in_native, id=3652, stack(0x000000749b180000,0x000000749b280000)]
  0x00000270988fa800 JavaThread "Thread-47" [_thread_in_native, id=5688, stack(0x000000749b280000,0x000000749b380000)]
  0x00000270988f6000 JavaThread "Thread-48" [_thread_in_native, id=25288, stack(0x000000749b380000,0x000000749b480000)]
  0x00000270988fb800 JavaThread "Thread-49" [_thread_in_native, id=3116, stack(0x000000749b480000,0x000000749b580000)]
  0x00000270988fe000 JavaThread "Thread-50" [_thread_in_native, id=10848, stack(0x000000749b580000,0x000000749b680000)]
  0x000002709dfe7800 JavaThread "Thread-51" [_thread_blocked, id=23332, stack(0x000000749b680000,0x000000749b780000)]
  0x000002709dfe6000 JavaThread "Thread-52" [_thread_in_native, id=20596, stack(0x000000749b780000,0x000000749b880000)]
  0x000002709dfe3800 JavaThread "Thread-53" [_thread_in_native, id=3388, stack(0x000000749b880000,0x000000749b980000)]
  0x000002709dfeb000 JavaThread "Thread-54" [_thread_in_native, id=12384, stack(0x000000749b980000,0x000000749ba80000)]
  0x000002709dfe4800 JavaThread "Keep-Alive-Timer" daemon [_thread_blocked, id=10152, stack(0x0000007497d50000,0x0000007497e50000)]

Other Threads:
  0x000002708aa61800 VMThread "VM Thread" [stack: 0x0000007496500000,0x0000007496600000] [id=3896]
  0x000002708aca8800 WatcherThread [stack: 0x0000007497100000,0x0000007497200000] [id=19036]
  0x00000270e6ef5800 GCTaskThread "GC Thread#0" [stack: 0x0000007494c00000,0x0000007494d00000] [id=13912]
  0x00000270e6ef8000 GCTaskThread "GC Thread#1" [stack: 0x0000007494d00000,0x0000007494e00000] [id=952]
  0x00000270e6efb800 GCTaskThread "GC Thread#2" [stack: 0x0000007494e00000,0x0000007494f00000] [id=17488]
  0x00000270e6f01800 GCTaskThread "GC Thread#3" [stack: 0x0000007494f00000,0x0000007495000000] [id=24720]
  0x00000270e6eff800 GCTaskThread "GC Thread#4" [stack: 0x0000007495000000,0x0000007495100000] [id=20872]
  0x00000270e6f02000 GCTaskThread "GC Thread#5" [stack: 0x0000007495100000,0x0000007495200000] [id=1536]
  0x00000270e6f03800 GCTaskThread "GC Thread#6" [stack: 0x0000007495200000,0x0000007495300000] [id=21344]
  0x00000270e6f04000 GCTaskThread "GC Thread#7" [stack: 0x0000007495300000,0x0000007495400000] [id=4280]
  0x00000270e6f00000 GCTaskThread "GC Thread#8" [stack: 0x0000007495400000,0x0000007495500000] [id=16352]
  0x00000270e6f03000 GCTaskThread "GC Thread#9" [stack: 0x0000007495500000,0x0000007495600000] [id=24832]
  0x00000270e6f60800 ConcurrentGCThread "G1 Main Marker" [stack: 0x0000007495600000,0x0000007495700000] [id=2260]
  0x00000270e6efe800 ConcurrentGCThread "G1 Conc#0" [stack: 0x0000007495700000,0x0000007495800000] [id=10332]
  0x00000270e6f05000 ConcurrentGCThread "G1 Conc#1" [stack: 0x0000007495800000,0x0000007495900000] [id=25316]
  0x00000270e6eff000 ConcurrentGCThread "G1 Conc#2" [stack: 0x0000007495900000,0x0000007495a00000] [id=24228]
  0x00000270ff516000 ConcurrentGCThread "G1 Refine#0" [stack: 0x0000007495a00000,0x0000007495b00000] [id=19128]
  0x00000270ff517800 ConcurrentGCThread "G1 Refine#1" [stack: 0x0000007495b00000,0x0000007495c00000] [id=20856]
  0x00000270ff518800 ConcurrentGCThread "G1 Refine#2" [stack: 0x0000007495c00000,0x0000007495d00000] [id=19480]
  0x00000270ff52c800 ConcurrentGCThread "G1 Refine#3" [stack: 0x0000007495d00000,0x0000007495e00000] [id=8008]
  0x00000270ff52d000 ConcurrentGCThread "G1 Refine#4" [stack: 0x0000007495e00000,0x0000007495f00000] [id=16952]
  0x00000270ff52e000 ConcurrentGCThread "G1 Refine#5" [stack: 0x0000007495f00000,0x0000007496000000] [id=22356]
  0x00000270ff530800 ConcurrentGCThread "G1 Refine#6" [stack: 0x0000007496000000,0x0000007496100000] [id=17804]
  0x00000270ff531800 ConcurrentGCThread "G1 Refine#7" [stack: 0x0000007496100000,0x0000007496200000] [id=14868]
  0x00000270ff533000 ConcurrentGCThread "G1 Refine#8" [stack: 0x0000007496200000,0x0000007496300000] [id=18628]
  0x00000270ff533800 ConcurrentGCThread "G1 Refine#9" [stack: 0x0000007496300000,0x0000007496400000] [id=8220]
  0x00000270ff535800 ConcurrentGCThread "G1 Young RemSet Sampling" [stack: 0x0000007496400000,0x0000007496500000] [id=7116]

Threads with active compile tasks:
C2 CompilerThread04631       4       java.text.SimpleDateFormat::matchString (222 bytes)
C2 CompilerThread14623       4       com.esri.arcgisruntime.internal.httpclient.b.g.d::b (291 bytes)

VM state:synchronizing (normal execution)

VM Mutex/Monitor currently owned by a thread:  ([mutex/lock_event])
[0x00000270e6edb610] Threads_lock - owner thread: 0x000002708aa61800
[0x00000270e6edc9c0] AdapterHandlerLibrary_lock - owner thread: 0x000002708b256800
[0x00000270e6edc0c0] Heap_lock - owner thread: 0x000002709dfe7800

Heap address: 0x00000006c0e00000, size: 4082 MB, Compressed Oops mode: Zero based, Oop shift amount: 3
Narrow klass base: 0x0000000000000000, Narrow klass shift: 3
Compressed class space size: 1073741824 Address: 0x00000007c0000000

Heap:
 garbage-first heap   total 262144K, used 135028K [0x00000006c0e00000, 0x00000007c0000000)
  region size 1024K, 109 young (111616K), 5 survivors (5120K)
 Metaspace       used 30761K, capacity 31453K, committed 31664K, reserved 1077248K
  class space    used 3659K, capacity 3976K, committed 4016K, reserved 1048576K
Heap Regions: E=young(eden), S=young(survivor), O=old, HS=humongous(starts), HC=humongous(continues), CS=collection set, F=free, A=archive, TS=gc time stamp, AC=allocation context, TAMS=top-at-mark-start (previous, next)
|   0|0x00000006c0e00000, 0x00000006c0f00000, 0x00000006c0f00000|100%| O|  |TS  0|AC  0|TAMS 0x00000006c0f00000, 0x00000006c0f00000|
|   1|0x00000006c0f00000, 0x00000006c1000000, 0x00000006c1000000|100%| O|  |TS  1|AC  0|TAMS 0x00000006c0fc5e00, 0x00000006c0fc5e00|
|   2|0x00000006c1000000, 0x00000006c1100000, 0x00000006c1100000|100%|HS|  |TS  0|AC  0|TAMS 0x00000006c1000000, 0x00000006c1000000|
|   3|0x00000006c1100000, 0x00000006c1200000, 0x00000006c1200000|100%|HC|  |TS  0|AC  0|TAMS 0x00000006c1100000, 0x00000006c1100000|
|   4|0x00000006c1200000, 0x00000006c1300000, 0x00000006c1300000|100%| O|  |TS  1|AC  0|TAMS 0x00000006c1200000, 0x00000006c1200000|
|   5|0x00000006c1300000, 0x00000006c1400000, 0x00000006c1400000|100%| O|  |TS  1|AC  0|TAMS 0x00000006c1300000, 0x00000006c1300000|
|   6|0x00000006c1400000, 0x00000006c14e1000, 0x00000006c1500000| 87%| O|  |TS  1|AC  0|TAMS 0x00000006c1400000, 0x00000006c1400000|
|   7|0x00000006c1500000, 0x00000006c1600000, 0x00000006c1600000|100%|HS|  |TS  0|AC  0|TAMS 0x00000006c1500000, 0x00000006c1500000|
|   8|0x00000006c1600000, 0x00000006c1700000, 0x00000006c1700000|100%|HS|  |TS  0|AC  0|TAMS 0x00000006c1600000, 0x00000006c1600000|
|   9|0x00000006c1700000, 0x00000006c1800000, 0x00000006c1800000|100%|HS|  |TS  0|AC  0|TAMS 0x00000006c1700000, 0x00000006c1700000|
|  10|0x00000006c1800000, 0x00000006c1900000, 0x00000006c1900000|100%|HC|  |TS  0|AC  0|TAMS 0x00000006c1800000, 0x00000006c1800000|
|  11|0x00000006c1900000, 0x00000006c1a00000, 0x00000006c1a00000|100%|HC|  |TS  0|AC  0|TAMS 0x00000006c1900000, 0x00000006c1900000|
|  12|0x00000006c1a00000, 0x00000006c1b00000, 0x00000006c1b00000|100%|HC|  |TS  0|AC  0|TAMS 0x00000006c1a00000, 0x00000006c1a00000|
|  13|0x00000006c1b00000, 0x00000006c1c00000, 0x00000006c1c00000|100%|HC|  |TS  0|AC  0|TAMS 0x00000006c1b00000, 0x00000006c1b00000|
|  14|0x00000006c1c00000, 0x00000006c1d00000, 0x00000006c1d00000|100%|HC|  |TS  0|AC  0|TAMS 0x00000006c1c00000, 0x00000006c1c00000|
|  15|0x00000006c1d00000, 0x00000006c1e00000, 0x00000006c1e00000|100%|HC|  |TS  0|AC  0|TAMS 0x00000006c1d00000, 0x00000006c1d00000|
|  16|0x00000006c1e00000, 0x00000006c1f00000, 0x00000006c1f00000|100%|HC|  |TS  0|AC  0|TAMS 0x00000006c1e00000, 0x00000006c1e00000|
|  17|0x00000006c1f00000, 0x00000006c2000000, 0x00000006c2000000|100%|HC|  |TS  0|AC  0|TAMS 0x00000006c1f00000, 0x00000006c1f00000|
|  18|0x00000006c2000000, 0x00000006c2100000, 0x00000006c2100000|100%|HC|  |TS  0|AC  0|TAMS 0x00000006c2000000, 0x00000006c2000000|
|  19|0x00000006c2100000, 0x00000006c2200000, 0x00000006c2200000|100%|HC|  |TS  0|AC  0|TAMS 0x00000006c2100000, 0x00000006c2100000|
|  20|0x00000006c2200000, 0x00000006c2300000, 0x00000006c2300000|100%|HC|  |TS  0|AC  0|TAMS 0x00000006c2200000, 0x00000006c2200000|
|  21|0x00000006c2300000, 0x00000006c2400000, 0x00000006c2400000|100%|HC|  |TS  0|AC  0|TAMS 0x00000006c2300000, 0x00000006c2300000|
|  22|0x00000006c2400000, 0x00000006c2500000, 0x00000006c2500000|100%|HC|  |TS  0|AC  0|TAMS 0x00000006c2400000, 0x00000006c2400000|
|  23|0x00000006c2500000, 0x00000006c2500000, 0x00000006c2600000|  0%| F|  |TS  0|AC  0|TAMS 0x00000006c2500000, 0x00000006c2500000|
|  24|0x00000006c2600000, 0x00000006c2600000, 0x00000006c2700000|  0%| F|  |TS  0|AC  0|TAMS 0x00000006c2600000, 0x00000006c2600000|
|  25|0x00000006c2700000, 0x00000006c2700000, 0x00000006c2800000|  0%| F|  |TS  0|AC  0|TAMS 0x00000006c2700000, 0x00000006c2700000|
|  26|0x00000006c2800000, 0x00000006c2800000, 0x00000006c2900000|  0%| F|  |TS  0|AC  0|TAMS 0x00000006c2800000, 0x00000006c2800000|
|  27|0x00000006c2900000, 0x00000006c2900000, 0x00000006c2a00000|  0%| F|  |TS  0|AC  0|TAMS 0x00000006c2900000, 0x00000006c2900000|
|  28|0x00000006c2a00000, 0x00000006c2a00000, 0x00000006c2b00000|  0%| F|  |TS  0|AC  0|TAMS 0x00000006c2a00000, 0x00000006c2a00000|
|  29|0x00000006c2b00000, 0x00000006c2b00000, 0x00000006c2c00000|  0%| F|  |TS  0|AC  0|TAMS 0x00000006c2b00000, 0x00000006c2b00000|
|  30|0x00000006c2c00000, 0x00000006c2c00000, 0x00000006c2d00000|  0%| F|  |TS  0|AC  0|TAMS 0x00000006c2c00000, 0x00000006c2c00000|
|  31|0x00000006c2d00000, 0x00000006c2d00000, 0x00000006c2e00000|  0%| F|  |TS  0|AC  0|TAMS 0x00000006c2d00000, 0x00000006c2d00000|
|  32|0x00000006c2e00000, 0x00000006c2e00000, 0x00000006c2f00000|  0%| F|  |TS  0|AC  0|TAMS 0x00000006c2e00000, 0x00000006c2e00000|
|  33|0x00000006c2f00000, 0x00000006c2f00000, 0x00000006c3000000|  0%| F|  |TS  0|AC  0|TAMS 0x00000006c2f00000, 0x00000006c2f00000|
|  34|0x00000006c3000000, 0x00000006c3000000, 0x00000006c3100000|  0%| F|  |TS  0|AC  0|TAMS 0x00000006c3000000, 0x00000006c3000000|
|  35|0x00000006c3100000, 0x00000006c3100000, 0x00000006c3200000|  0%| F|  |TS  0|AC  0|TAMS 0x00000006c3100000, 0x00000006c3100000|
|  36|0x00000006c3200000, 0x00000006c3200000, 0x00000006c3300000|  0%| F|  |TS  0|AC  0|TAMS 0x00000006c3200000, 0x00000006c3200000|
|  37|0x00000006c3300000, 0x00000006c3300000, 0x00000006c3400000|  0%| F|  |TS  0|AC  0|TAMS 0x00000006c3300000, 0x00000006c3300000|
|  38|0x00000006c3400000, 0x00000006c3400000, 0x00000006c3500000|  0%| F|  |TS  0|AC  0|TAMS 0x00000006c3400000, 0x00000006c3400000|
|  39|0x00000006c3500000, 0x00000006c3500000, 0x00000006c3600000|  0%| F|  |TS  0|AC  0|TAMS 0x00000006c3500000, 0x00000006c3500000|
|  40|0x00000006c3600000, 0x00000006c3600000, 0x00000006c3700000|  0%| F|  |TS  0|AC  0|TAMS 0x00000006c3600000, 0x00000006c3600000|
|  41|0x00000006c3700000, 0x00000006c3700000, 0x00000006c3800000|  0%| F|  |TS  0|AC  0|TAMS 0x00000006c3700000, 0x00000006c3700000|
|  42|0x00000006c3800000, 0x00000006c3800000, 0x00000006c3900000|  0%| F|  |TS  0|AC  0|TAMS 0x00000006c3800000, 0x00000006c3800000|
|  43|0x00000006c3900000, 0x00000006c3900000, 0x00000006c3a00000|  0%| F|  |TS  0|AC  0|TAMS 0x00000006c3900000, 0x00000006c3900000|
|  44|0x00000006c3a00000, 0x00000006c3a00000, 0x00000006c3b00000|  0%| F|  |TS  0|AC  0|TAMS 0x00000006c3a00000, 0x00000006c3a00000|
|  45|0x00000006c3b00000, 0x00000006c3b00000, 0x00000006c3c00000|  0%| F|  |TS  0|AC  0|TAMS 0x00000006c3b00000, 0x00000006c3b00000|
|  46|0x00000006c3c00000, 0x00000006c3c00000, 0x00000006c3d00000|  0%| F|  |TS  0|AC  0|TAMS 0x00000006c3c00000, 0x00000006c3c00000|
|  47|0x00000006c3d00000, 0x00000006c3d00000, 0x00000006c3e00000|  0%| F|  |TS  0|AC  0|TAMS 0x00000006c3d00000, 0x00000006c3d00000|
|  48|0x00000006c3e00000, 0x00000006c3e00000, 0x00000006c3f00000|  0%| F|  |TS  0|AC  0|TAMS 0x00000006c3e00000, 0x00000006c3e00000|
|  49|0x00000006c3f00000, 0x00000006c3f00000, 0x00000006c4000000|  0%| F|  |TS  0|AC  0|TAMS 0x00000006c3f00000, 0x00000006c3f00000|
|  50|0x00000006c4000000, 0x00000006c4000000, 0x00000006c4100000|  0%| F|  |TS  0|AC  0|TAMS 0x00000006c4000000, 0x00000006c4000000|
|  51|0x00000006c4100000, 0x00000006c4100000, 0x00000006c4200000|  0%| F|  |TS  0|AC  0|TAMS 0x00000006c4100000, 0x00000006c4100000|
|  52|0x00000006c4200000, 0x00000006c4200000, 0x00000006c4300000|  0%| F|  |TS  0|AC  0|TAMS 0x00000006c4200000, 0x00000006c4200000|
|  53|0x00000006c4300000, 0x00000006c4300000, 0x00000006c4400000|  0%| F|  |TS  0|AC  0|TAMS 0x00000006c4300000, 0x00000006c4300000|
|  54|0x00000006c4400000, 0x00000006c4400000, 0x00000006c4500000|  0%| F|  |TS  0|AC  0|TAMS 0x00000006c4400000, 0x00000006c4400000|
|  55|0x00000006c4500000, 0x00000006c4500000, 0x00000006c4600000|  0%| F|  |TS  0|AC  0|TAMS 0x00000006c4500000, 0x00000006c4500000|
|  56|0x00000006c4600000, 0x00000006c4600000, 0x00000006c4700000|  0%| F|  |TS  0|AC  0|TAMS 0x00000006c4600000, 0x00000006c4600000|
|  57|0x00000006c4700000, 0x00000006c4700000, 0x00000006c4800000|  0%| F|  |TS  0|AC  0|TAMS 0x00000006c4700000, 0x00000006c4700000|
|  58|0x00000006c4800000, 0x00000006c4800000, 0x00000006c4900000|  0%| F|  |TS  0|AC  0|TAMS 0x00000006c4800000, 0x00000006c4800000|
|  59|0x00000006c4900000, 0x00000006c4900000, 0x00000006c4a00000|  0%| F|  |TS  0|AC  0|TAMS 0x00000006c4900000, 0x00000006c4900000|
|  60|0x00000006c4a00000, 0x00000006c4a00000, 0x00000006c4b00000|  0%| F|  |TS  0|AC  0|TAMS 0x00000006c4a00000, 0x00000006c4a00000|
|  61|0x00000006c4b00000, 0x00000006c4b00000, 0x00000006c4c00000|  0%| F|  |TS  0|AC  0|TAMS 0x00000006c4b00000, 0x00000006c4b00000|
|  62|0x00000006c4c00000, 0x00000006c4c00000, 0x00000006c4d00000|  0%| F|  |TS  0|AC  0|TAMS 0x00000006c4c00000, 0x00000006c4c00000|
|  63|0x00000006c4d00000, 0x00000006c4d00000, 0x00000006c4e00000|  0%| F|  |TS  0|AC  0|TAMS 0x00000006c4d00000, 0x00000006c4d00000|
|  64|0x00000006c4e00000, 0x00000006c4e00000, 0x00000006c4f00000|  0%| F|  |TS  0|AC  0|TAMS 0x00000006c4e00000, 0x00000006c4e00000|
|  65|0x00000006c4f00000, 0x00000006c4f00000, 0x00000006c5000000|  0%| F|  |TS  0|AC  0|TAMS 0x00000006c4f00000, 0x00000006c4f00000|
|  66|0x00000006c5000000, 0x00000006c5000000, 0x00000006c5100000|  0%| F|  |TS  0|AC  0|TAMS 0x00000006c5000000, 0x00000006c5000000|
|  67|0x00000006c5100000, 0x00000006c5100000, 0x00000006c5200000|  0%| F|  |TS  0|AC  0|TAMS 0x00000006c5100000, 0x00000006c5100000|
|  68|0x00000006c5200000, 0x00000006c5200000, 0x00000006c5300000|  0%| F|  |TS  0|AC  0|TAMS 0x00000006c5200000, 0x00000006c5200000|
|  69|0x00000006c5300000, 0x00000006c5300000, 0x00000006c5400000|  0%| F|  |TS  0|AC  0|TAMS 0x00000006c5300000, 0x00000006c5300000|
|  70|0x00000006c5400000, 0x00000006c5400000, 0x00000006c5500000|  0%| F|  |TS  0|AC  0|TAMS 0x00000006c5400000, 0x00000006c5400000|
|  71|0x00000006c5500000, 0x00000006c5500000, 0x00000006c5600000|  0%| F|  |TS  0|AC  0|TAMS 0x00000006c5500000, 0x00000006c5500000|
|  72|0x00000006c5600000, 0x00000006c5600000, 0x00000006c5700000|  0%| F|  |TS  0|AC  0|TAMS 0x00000006c5600000, 0x00000006c5600000|
|  73|0x00000006c5700000, 0x00000006c5700000, 0x00000006c5800000|  0%| F|  |TS  0|AC  0|TAMS 0x00000006c5700000, 0x00000006c5700000|
|  74|0x00000006c5800000, 0x00000006c5800000, 0x00000006c5900000|  0%| F|  |TS  0|AC  0|TAMS 0x00000006c5800000, 0x00000006c5800000|
|  75|0x00000006c5900000, 0x00000006c5900000, 0x00000006c5a00000|  0%| F|  |TS  0|AC  0|TAMS 0x00000006c5900000, 0x00000006c5900000|
|  76|0x00000006c5a00000, 0x00000006c5a00000, 0x00000006c5b00000|  0%| F|  |TS  0|AC  0|TAMS 0x00000006c5a00000, 0x00000006c5a00000|
|  77|0x00000006c5b00000, 0x00000006c5b00000, 0x00000006c5c00000|  0%| F|  |TS  0|AC  0|TAMS 0x00000006c5b00000, 0x00000006c5b00000|
|  78|0x00000006c5c00000, 0x00000006c5c00000, 0x00000006c5d00000|  0%| F|  |TS  0|AC  0|TAMS 0x00000006c5c00000, 0x00000006c5c00000|
|  79|0x00000006c5d00000, 0x00000006c5d00000, 0x00000006c5e00000|  0%| F|  |TS  0|AC  0|TAMS 0x00000006c5d00000, 0x00000006c5d00000|
|  80|0x00000006c5e00000, 0x00000006c5e00000, 0x00000006c5f00000|  0%| F|  |TS  0|AC  0|TAMS 0x00000006c5e00000, 0x00000006c5e00000|
|  81|0x00000006c5f00000, 0x00000006c5f00000, 0x00000006c6000000|  0%| F|  |TS  0|AC  0|TAMS 0x00000006c5f00000, 0x00000006c5f00000|
|  82|0x00000006c6000000, 0x00000006c6000000, 0x00000006c6100000|  0%| F|  |TS  0|AC  0|TAMS 0x00000006c6000000, 0x00000006c6000000|
|  83|0x00000006c6100000, 0x00000006c6100000, 0x00000006c6200000|  0%| F|  |TS  0|AC  0|TAMS 0x00000006c6100000, 0x00000006c6100000|
|  84|0x00000006c6200000, 0x00000006c6200000, 0x00000006c6300000|  0%| F|  |TS  0|AC  0|TAMS 0x00000006c6200000, 0x00000006c6200000|
|  85|0x00000006c6300000, 0x00000006c6300000, 0x00000006c6400000|  0%| F|  |TS  0|AC  0|TAMS 0x00000006c6300000, 0x00000006c6300000|
|  86|0x00000006c6400000, 0x00000006c6400000, 0x00000006c6500000|  0%| F|  |TS  0|AC  0|TAMS 0x00000006c6400000, 0x00000006c6400000|
|  87|0x00000006c6500000, 0x00000006c6500000, 0x00000006c6600000|  0%| F|  |TS  0|AC  0|TAMS 0x00000006c6500000, 0x00000006c6500000|
|  88|0x00000006c6600000, 0x00000006c6600000, 0x00000006c6700000|  0%| F|  |TS  0|AC  0|TAMS 0x00000006c6600000, 0x00000006c6600000|
|  89|0x00000006c6700000, 0x00000006c6700000, 0x00000006c6800000|  0%| F|  |TS  0|AC  0|TAMS 0x00000006c6700000, 0x00000006c6700000|
|  90|0x00000006c6800000, 0x00000006c6800000, 0x00000006c6900000|  0%| F|  |TS  0|AC  0|TAMS 0x00000006c6800000, 0x00000006c6800000|
|  91|0x00000006c6900000, 0x00000006c6900000, 0x00000006c6a00000|  0%| F|  |TS  0|AC  0|TAMS 0x00000006c6900000, 0x00000006c6900000|
|  92|0x00000006c6a00000, 0x00000006c6a00000, 0x00000006c6b00000|  0%| F|  |TS  0|AC  0|TAMS 0x00000006c6a00000, 0x00000006c6a00000|
|  93|0x00000006c6b00000, 0x00000006c6b00000, 0x00000006c6c00000|  0%| F|  |TS  0|AC  0|TAMS 0x00000006c6b00000, 0x00000006c6b00000|
|  94|0x00000006c6c00000, 0x00000006c6c00000, 0x00000006c6d00000|  0%| F|  |TS  0|AC  0|TAMS 0x00000006c6c00000, 0x00000006c6c00000|
|  95|0x00000006c6d00000, 0x00000006c6d00000, 0x00000006c6e00000|  0%| F|  |TS  0|AC  0|TAMS 0x00000006c6d00000, 0x00000006c6d00000|
|  96|0x00000006c6e00000, 0x00000006c6e00000, 0x00000006c6f00000|  0%| F|  |TS  0|AC  0|TAMS 0x00000006c6e00000, 0x00000006c6e00000|
|  97|0x00000006c6f00000, 0x00000006c6f00000, 0x00000006c7000000|  0%| F|  |TS  0|AC  0|TAMS 0x00000006c6f00000, 0x00000006c6f00000|
|  98|0x00000006c7000000, 0x00000006c7000000, 0x00000006c7100000|  0%| F|  |TS  0|AC  0|TAMS 0x00000006c7000000, 0x00000006c7000000|
|  99|0x00000006c7100000, 0x00000006c7100000, 0x00000006c7200000|  0%| F|  |TS  0|AC  0|TAMS 0x00000006c7100000, 0x00000006c7100000|
| 100|0x00000006c7200000, 0x00000006c7200000, 0x00000006c7300000|  0%| F|  |TS  0|AC  0|TAMS 0x00000006c7200000, 0x00000006c7200000|
| 101|0x00000006c7300000, 0x00000006c7300000, 0x00000006c7400000|  0%| F|  |TS  0|AC  0|TAMS 0x00000006c7300000, 0x00000006c7300000|
| 102|0x00000006c7400000, 0x00000006c7400000, 0x00000006c7500000|  0%| F|  |TS  0|AC  0|TAMS 0x00000006c7400000, 0x00000006c7400000|
| 103|0x00000006c7500000, 0x00000006c7500000, 0x00000006c7600000|  0%| F|  |TS  0|AC  0|TAMS 0x00000006c7500000, 0x00000006c7500000|
| 104|0x00000006c7600000, 0x00000006c7600000, 0x00000006c7700000|  0%| F|  |TS  0|AC  0|TAMS 0x00000006c7600000, 0x00000006c7600000|
| 105|0x00000006c7700000, 0x00000006c7700000, 0x00000006c7800000|  0%| F|  |TS  0|AC  0|TAMS 0x00000006c7700000, 0x00000006c7700000|
| 106|0x00000006c7800000, 0x00000006c7800000, 0x00000006c7900000|  0%| F|  |TS  0|AC  0|TAMS 0x00000006c7800000, 0x00000006c7800000|
| 107|0x00000006c7900000, 0x00000006c7900000, 0x00000006c7a00000|  0%| F|  |TS  0|AC  0|TAMS 0x00000006c7900000, 0x00000006c7900000|
| 108|0x00000006c7a00000, 0x00000006c7a00000, 0x00000006c7b00000|  0%| F|  |TS  0|AC  0|TAMS 0x00000006c7a00000, 0x00000006c7a00000|
| 109|0x00000006c7b00000, 0x00000006c7b00000, 0x00000006c7c00000|  0%| F|  |TS  0|AC  0|TAMS 0x00000006c7b00000, 0x00000006c7b00000|
| 110|0x00000006c7c00000, 0x00000006c7c00000, 0x00000006c7d00000|  0%| F|  |TS  0|AC  0|TAMS 0x00000006c7c00000, 0x00000006c7c00000|
| 111|0x00000006c7d00000, 0x00000006c7d00000, 0x00000006c7e00000|  0%| F|  |TS  0|AC  0|TAMS 0x00000006c7d00000, 0x00000006c7d00000|
| 112|0x00000006c7e00000, 0x00000006c7e00000, 0x00000006c7f00000|  0%| F|  |TS  0|AC  0|TAMS 0x00000006c7e00000, 0x00000006c7e00000|
| 113|0x00000006c7f00000, 0x00000006c7f00000, 0x00000006c8000000|  0%| F|  |TS  0|AC  0|TAMS 0x00000006c7f00000, 0x00000006c7f00000|
| 114|0x00000006c8000000, 0x00000006c8000000, 0x00000006c8100000|  0%| F|  |TS  0|AC  0|TAMS 0x00000006c8000000, 0x00000006c8000000|
| 115|0x00000006c8100000, 0x00000006c8100000, 0x00000006c8200000|  0%| F|  |TS  0|AC  0|TAMS 0x00000006c8100000, 0x00000006c8100000|
| 116|0x00000006c8200000, 0x00000006c8200000, 0x00000006c8300000|  0%| F|  |TS  0|AC  0|TAMS 0x00000006c8200000, 0x00000006c8200000|
| 117|0x00000006c8300000, 0x00000006c8300000, 0x00000006c8400000|  0%| F|  |TS  0|AC  0|TAMS 0x00000006c8300000, 0x00000006c8300000|
| 118|0x00000006c8400000, 0x00000006c8400000, 0x00000006c8500000|  0%| F|  |TS  0|AC  0|TAMS 0x00000006c8400000, 0x00000006c8400000|
| 119|0x00000006c8500000, 0x00000006c8500000, 0x00000006c8600000|  0%| F|  |TS  0|AC  0|TAMS 0x00000006c8500000, 0x00000006c8500000|
| 120|0x00000006c8600000, 0x00000006c8600000, 0x00000006c8700000|  0%| F|  |TS  0|AC  0|TAMS 0x00000006c8600000, 0x00000006c8600000|
| 121|0x00000006c8700000, 0x00000006c8700000, 0x00000006c8800000|  0%| F|  |TS  0|AC  0|TAMS 0x00000006c8700000, 0x00000006c8700000|
| 122|0x00000006c8800000, 0x00000006c8800000, 0x00000006c8900000|  0%| F|  |TS  0|AC  0|TAMS 0x00000006c8800000, 0x00000006c8800000|
| 123|0x00000006c8900000, 0x00000006c8900000, 0x00000006c8a00000|  0%| F|  |TS  0|AC  0|TAMS 0x00000006c8900000, 0x00000006c8900000|
| 124|0x00000006c8a00000, 0x00000006c8a00000, 0x00000006c8b00000|  0%| F|  |TS  0|AC  0|TAMS 0x00000006c8a00000, 0x00000006c8a00000|
| 125|0x00000006c8b00000, 0x00000006c8b00000, 0x00000006c8c00000|  0%| F|  |TS  0|AC  0|TAMS 0x00000006c8b00000, 0x00000006c8b00000|
| 126|0x00000006c8c00000, 0x00000006c8c00000, 0x00000006c8d00000|  0%| F|  |TS  0|AC  0|TAMS 0x00000006c8c00000, 0x00000006c8c00000|
| 127|0x00000006c8d00000, 0x00000006c8d00000, 0x00000006c8e00000|  0%| F|  |TS  0|AC  0|TAMS 0x00000006c8d00000, 0x00000006c8d00000|
| 128|0x00000006c8e00000, 0x00000006c8e00000, 0x00000006c8f00000|  0%| F|  |TS  0|AC  0|TAMS 0x00000006c8e00000, 0x00000006c8e00000|
| 129|0x00000006c8f00000, 0x00000006c8f00000, 0x00000006c9000000|  0%| F|  |TS  0|AC  0|TAMS 0x00000006c8f00000, 0x00000006c8f00000|
| 130|0x00000006c9000000, 0x00000006c9000000, 0x00000006c9100000|  0%| F|  |TS  0|AC  0|TAMS 0x00000006c9000000, 0x00000006c9000000|
| 131|0x00000006c9100000, 0x00000006c9100000, 0x00000006c9200000|  0%| F|  |TS  0|AC  0|TAMS 0x00000006c9100000, 0x00000006c9100000|
| 132|0x00000006c9200000, 0x00000006c9200000, 0x00000006c9300000|  0%| F|  |TS  0|AC  0|TAMS 0x00000006c9200000, 0x00000006c9200000|
| 133|0x00000006c9300000, 0x00000006c9300000, 0x00000006c9400000|  0%| F|  |TS  0|AC  0|TAMS 0x00000006c9300000, 0x00000006c9300000|
| 134|0x00000006c9400000, 0x00000006c9400000, 0x00000006c9500000|  0%| F|  |TS  0|AC  0|TAMS 0x00000006c9400000, 0x00000006c9400000|
| 135|0x00000006c9500000, 0x00000006c9500000, 0x00000006c9600000|  0%| F|  |TS  0|AC  0|TAMS 0x00000006c9500000, 0x00000006c9500000|
| 136|0x00000006c9600000, 0x00000006c9600000, 0x00000006c9700000|  0%| F|  |TS  0|AC  0|TAMS 0x00000006c9600000, 0x00000006c9600000|
| 137|0x00000006c9700000, 0x00000006c9700000, 0x00000006c9800000|  0%| F|  |TS  0|AC  0|TAMS 0x00000006c9700000, 0x00000006c9700000|
| 138|0x00000006c9800000, 0x00000006c9800000, 0x00000006c9900000|  0%| F|  |TS  0|AC  0|TAMS 0x00000006c9800000, 0x00000006c9800000|
| 139|0x00000006c9900000, 0x00000006c9900000, 0x00000006c9a00000|  0%| F|  |TS  0|AC  0|TAMS 0x00000006c9900000, 0x00000006c9900000|
| 140|0x00000006c9a00000, 0x00000006c9a00000, 0x00000006c9b00000|  0%| F|  |TS  0|AC  0|TAMS 0x00000006c9a00000, 0x00000006c9a00000|
| 141|0x00000006c9b00000, 0x00000006c9b00000, 0x00000006c9c00000|  0%| F|  |TS  0|AC  0|TAMS 0x00000006c9b00000, 0x00000006c9b00000|
| 142|0x00000006c9c00000, 0x00000006c9c00000, 0x00000006c9d00000|  0%| F|  |TS  0|AC  0|TAMS 0x00000006c9c00000, 0x00000006c9c00000|
| 143|0x00000006c9d00000, 0x00000006c9d00000, 0x00000006c9e00000|  0%| F|  |TS  0|AC  0|TAMS 0x00000006c9d00000, 0x00000006c9d00000|
| 144|0x00000006c9e00000, 0x00000006c9e00000, 0x00000006c9f00000|  0%| F|  |TS  0|AC  0|TAMS 0x00000006c9e00000, 0x00000006c9e00000|
| 145|0x00000006c9f00000, 0x00000006c9f00000, 0x00000006ca000000|  0%| F|  |TS  0|AC  0|TAMS 0x00000006c9f00000, 0x00000006c9f00000|
| 146|0x00000006ca000000, 0x00000006ca0ce630, 0x00000006ca100000| 80%| S|  |TS  2|AC  0|TAMS 0x00000006ca000000, 0x00000006ca000000|
| 147|0x00000006ca100000, 0x00000006ca200000, 0x00000006ca200000|100%| E|CS|TS  0|AC  0|TAMS 0x00000006ca100000, 0x00000006ca100000|
| 148|0x00000006ca200000, 0x00000006ca300000, 0x00000006ca300000|100%| E|CS|TS  0|AC  0|TAMS 0x00000006ca200000, 0x00000006ca200000|
| 149|0x00000006ca300000, 0x00000006ca400000, 0x00000006ca400000|100%| E|CS|TS  0|AC  0|TAMS 0x00000006ca300000, 0x00000006ca300000|
| 150|0x00000006ca400000, 0x00000006ca500000, 0x00000006ca500000|100%| E|CS|TS  0|AC  0|TAMS 0x00000006ca400000, 0x00000006ca400000|
| 151|0x00000006ca500000, 0x00000006ca600000, 0x00000006ca600000|100%| E|CS|TS  0|AC  0|TAMS 0x00000006ca500000, 0x00000006ca500000|
| 152|0x00000006ca600000, 0x00000006ca700000, 0x00000006ca700000|100%| E|CS|TS  0|AC  0|TAMS 0x00000006ca600000, 0x00000006ca600000|
| 153|0x00000006ca700000, 0x00000006ca800000, 0x00000006ca800000|100%| E|CS|TS  0|AC  0|TAMS 0x00000006ca700000, 0x00000006ca700000|
| 154|0x00000006ca800000, 0x00000006ca900000, 0x00000006ca900000|100%| E|CS|TS  0|AC  0|TAMS 0x00000006ca800000, 0x00000006ca800000|
| 155|0x00000006ca900000, 0x00000006caa00000, 0x00000006caa00000|100%| E|CS|TS  0|AC  0|TAMS 0x00000006ca900000, 0x00000006ca900000|
| 156|0x00000006caa00000, 0x00000006cab00000, 0x00000006cab00000|100%| E|CS|TS  0|AC  0|TAMS 0x00000006caa00000, 0x00000006caa00000|
| 157|0x00000006cab00000, 0x00000006cac00000, 0x00000006cac00000|100%| E|CS|TS  0|AC  0|TAMS 0x00000006cab00000, 0x00000006cab00000|
| 158|0x00000006cac00000, 0x00000006cad00000, 0x00000006cad00000|100%| E|CS|TS  0|AC  0|TAMS 0x00000006cac00000, 0x00000006cac00000|
| 159|0x00000006cad00000, 0x00000006cae00000, 0x00000006cae00000|100%| E|CS|TS  0|AC  0|TAMS 0x00000006cad00000, 0x00000006cad00000|
| 160|0x00000006cae00000, 0x00000006caf00000, 0x00000006caf00000|100%| E|CS|TS  0|AC  0|TAMS 0x00000006cae00000, 0x00000006cae00000|
| 161|0x00000006caf00000, 0x00000006cb000000, 0x00000006cb000000|100%| E|CS|TS  0|AC  0|TAMS 0x00000006caf00000, 0x00000006caf00000|
| 162|0x00000006cb000000, 0x00000006cb100000, 0x00000006cb100000|100%| E|CS|TS  0|AC  0|TAMS 0x00000006cb000000, 0x00000006cb000000|
| 163|0x00000006cb100000, 0x00000006cb200000, 0x00000006cb200000|100%| E|CS|TS  0|AC  0|TAMS 0x00000006cb100000, 0x00000006cb100000|
| 164|0x00000006cb200000, 0x00000006cb300000, 0x00000006cb300000|100%| E|CS|TS  0|AC  0|TAMS 0x00000006cb200000, 0x00000006cb200000|
| 165|0x00000006cb300000, 0x00000006cb400000, 0x00000006cb400000|100%| E|CS|TS  0|AC  0|TAMS 0x00000006cb300000, 0x00000006cb300000|
| 166|0x00000006cb400000, 0x00000006cb500000, 0x00000006cb500000|100%| E|CS|TS  0|AC  0|TAMS 0x00000006cb400000, 0x00000006cb400000|
| 167|0x00000006cb500000, 0x00000006cb600000, 0x00000006cb600000|100%| E|CS|TS  0|AC  0|TAMS 0x00000006cb500000, 0x00000006cb500000|
| 168|0x00000006cb600000, 0x00000006cb700000, 0x00000006cb700000|100%| E|CS|TS  0|AC  0|TAMS 0x00000006cb600000, 0x00000006cb600000|
| 169|0x00000006cb700000, 0x00000006cb800000, 0x00000006cb800000|100%| E|CS|TS  0|AC  0|TAMS 0x00000006cb700000, 0x00000006cb700000|
| 170|0x00000006cb800000, 0x00000006cb900000, 0x00000006cb900000|100%| E|CS|TS  0|AC  0|TAMS 0x00000006cb800000, 0x00000006cb800000|
| 171|0x00000006cb900000, 0x00000006cba00000, 0x00000006cba00000|100%| E|CS|TS  0|AC  0|TAMS 0x00000006cb900000, 0x00000006cb900000|
| 172|0x00000006cba00000, 0x00000006cbb00000, 0x00000006cbb00000|100%| E|CS|TS  0|AC  0|TAMS 0x00000006cba00000, 0x00000006cba00000|
| 173|0x00000006cbb00000, 0x00000006cbc00000, 0x00000006cbc00000|100%| E|CS|TS  0|AC  0|TAMS 0x00000006cbb00000, 0x00000006cbb00000|
| 174|0x00000006cbc00000, 0x00000006cbd00000, 0x00000006cbd00000|100%| E|CS|TS  0|AC  0|TAMS 0x00000006cbc00000, 0x00000006cbc00000|
| 175|0x00000006cbd00000, 0x00000006cbe00000, 0x00000006cbe00000|100%| E|CS|TS  0|AC  0|TAMS 0x00000006cbd00000, 0x00000006cbd00000|
| 176|0x00000006cbe00000, 0x00000006cbf00000, 0x00000006cbf00000|100%| E|CS|TS  0|AC  0|TAMS 0x00000006cbe00000, 0x00000006cbe00000|
| 177|0x00000006cbf00000, 0x00000006cc000000, 0x00000006cc000000|100%| E|CS|TS  0|AC  0|TAMS 0x00000006cbf00000, 0x00000006cbf00000|
| 178|0x00000006cc000000, 0x00000006cc100000, 0x00000006cc100000|100%| E|CS|TS  0|AC  0|TAMS 0x00000006cc000000, 0x00000006cc000000|
| 179|0x00000006cc100000, 0x00000006cc200000, 0x00000006cc200000|100%| E|CS|TS  0|AC  0|TAMS 0x00000006cc100000, 0x00000006cc100000|
| 180|0x00000006cc200000, 0x00000006cc300000, 0x00000006cc300000|100%| E|CS|TS  0|AC  0|TAMS 0x00000006cc200000, 0x00000006cc200000|
| 181|0x00000006cc300000, 0x00000006cc400000, 0x00000006cc400000|100%| E|CS|TS  0|AC  0|TAMS 0x00000006cc300000, 0x00000006cc300000|
| 182|0x00000006cc400000, 0x00000006cc500000, 0x00000006cc500000|100%| E|CS|TS  0|AC  0|TAMS 0x00000006cc400000, 0x00000006cc400000|
| 183|0x00000006cc500000, 0x00000006cc600000, 0x00000006cc600000|100%| E|CS|TS  0|AC  0|TAMS 0x00000006cc500000, 0x00000006cc500000|
| 184|0x00000006cc600000, 0x00000006cc700000, 0x00000006cc700000|100%| E|CS|TS  0|AC  0|TAMS 0x00000006cc600000, 0x00000006cc600000|
| 185|0x00000006cc700000, 0x00000006cc800000, 0x00000006cc800000|100%| E|CS|TS  0|AC  0|TAMS 0x00000006cc700000, 0x00000006cc700000|
| 186|0x00000006cc800000, 0x00000006cc900000, 0x00000006cc900000|100%| E|CS|TS  0|AC  0|TAMS 0x00000006cc800000, 0x00000006cc800000|
| 187|0x00000006cc900000, 0x00000006cca00000, 0x00000006cca00000|100%| E|CS|TS  0|AC  0|TAMS 0x00000006cc900000, 0x00000006cc900000|
| 188|0x00000006cca00000, 0x00000006ccb00000, 0x00000006ccb00000|100%| E|CS|TS  0|AC  0|TAMS 0x00000006cca00000, 0x00000006cca00000|
| 189|0x00000006ccb00000, 0x00000006ccc00000, 0x00000006ccc00000|100%| E|CS|TS  0|AC  0|TAMS 0x00000006ccb00000, 0x00000006ccb00000|
| 190|0x00000006ccc00000, 0x00000006ccd00000, 0x00000006ccd00000|100%| E|CS|TS  0|AC  0|TAMS 0x00000006ccc00000, 0x00000006ccc00000|
| 191|0x00000006ccd00000, 0x00000006cce00000, 0x00000006cce00000|100%| E|CS|TS  0|AC  0|TAMS 0x00000006ccd00000, 0x00000006ccd00000|
| 192|0x00000006cce00000, 0x00000006ccf00000, 0x00000006ccf00000|100%| E|CS|TS  0|AC  0|TAMS 0x00000006cce00000, 0x00000006cce00000|
| 193|0x00000006ccf00000, 0x00000006cd000000, 0x00000006cd000000|100%| E|CS|TS  0|AC  0|TAMS 0x00000006ccf00000, 0x00000006ccf00000|
| 194|0x00000006cd000000, 0x00000006cd100000, 0x00000006cd100000|100%| E|CS|TS  0|AC  0|TAMS 0x00000006cd000000, 0x00000006cd000000|
| 195|0x00000006cd100000, 0x00000006cd200000, 0x00000006cd200000|100%| E|CS|TS  0|AC  0|TAMS 0x00000006cd100000, 0x00000006cd100000|
| 196|0x00000006cd200000, 0x00000006cd300000, 0x00000006cd300000|100%| E|CS|TS  0|AC  0|TAMS 0x00000006cd200000, 0x00000006cd200000|
| 197|0x00000006cd300000, 0x00000006cd400000, 0x00000006cd400000|100%| E|CS|TS  0|AC  0|TAMS 0x00000006cd300000, 0x00000006cd300000|
| 198|0x00000006cd400000, 0x00000006cd500000, 0x00000006cd500000|100%| E|CS|TS  0|AC  0|TAMS 0x00000006cd400000, 0x00000006cd400000|
| 199|0x00000006cd500000, 0x00000006cd600000, 0x00000006cd600000|100%| E|CS|TS  0|AC  0|TAMS 0x00000006cd500000, 0x00000006cd500000|
| 200|0x00000006cd600000, 0x00000006cd700000, 0x00000006cd700000|100%| E|CS|TS  0|AC  0|TAMS 0x00000006cd600000, 0x00000006cd600000|
| 201|0x00000006cd700000, 0x00000006cd800000, 0x00000006cd800000|100%| E|CS|TS  0|AC  0|TAMS 0x00000006cd700000, 0x00000006cd700000|
| 202|0x00000006cd800000, 0x00000006cd900000, 0x00000006cd900000|100%| E|CS|TS  0|AC  0|TAMS 0x00000006cd800000, 0x00000006cd800000|
| 203|0x00000006cd900000, 0x00000006cda00000, 0x00000006cda00000|100%| E|CS|TS  0|AC  0|TAMS 0x00000006cd900000, 0x00000006cd900000|
| 204|0x00000006cda00000, 0x00000006cdb00000, 0x00000006cdb00000|100%| E|CS|TS  0|AC  0|TAMS 0x00000006cda00000, 0x00000006cda00000|
| 205|0x00000006cdb00000, 0x00000006cdc00000, 0x00000006cdc00000|100%| E|CS|TS  0|AC  0|TAMS 0x00000006cdb00000, 0x00000006cdb00000|
| 206|0x00000006cdc00000, 0x00000006cdd00000, 0x00000006cdd00000|100%| E|CS|TS  0|AC  0|TAMS 0x00000006cdc00000, 0x00000006cdc00000|
| 207|0x00000006cdd00000, 0x00000006cde00000, 0x00000006cde00000|100%| E|CS|TS  0|AC  0|TAMS 0x00000006cdd00000, 0x00000006cdd00000|
| 208|0x00000006cde00000, 0x00000006cdf00000, 0x00000006cdf00000|100%| E|CS|TS  0|AC  0|TAMS 0x00000006cde00000, 0x00000006cde00000|
| 209|0x00000006cdf00000, 0x00000006ce000000, 0x00000006ce000000|100%| E|CS|TS  0|AC  0|TAMS 0x00000006cdf00000, 0x00000006cdf00000|
| 210|0x00000006ce000000, 0x00000006ce100000, 0x00000006ce100000|100%| E|CS|TS  0|AC  0|TAMS 0x00000006ce000000, 0x00000006ce000000|
| 211|0x00000006ce100000, 0x00000006ce1fc1a8, 0x00000006ce200000| 98%| E|CS|TS  1|AC  0|TAMS 0x00000006ce100000, 0x00000006ce100000|
| 212|0x00000006ce200000, 0x00000006ce300000, 0x00000006ce300000|100%| E|CS|TS  1|AC  0|TAMS 0x00000006ce200000, 0x00000006ce200000|
| 213|0x00000006ce300000, 0x00000006ce400000, 0x00000006ce400000|100%| E|CS|TS  1|AC  0|TAMS 0x00000006ce300000, 0x00000006ce300000|
| 214|0x00000006ce400000, 0x00000006ce400000, 0x00000006ce500000|  0%| F|  |TS  2|AC  0|TAMS 0x00000006ce400000, 0x00000006ce400000|
| 215|0x00000006ce500000, 0x00000006ce500000, 0x00000006ce600000|  0%| F|  |TS  2|AC  0|TAMS 0x00000006ce500000, 0x00000006ce500000|
| 216|0x00000006ce600000, 0x00000006ce600000, 0x00000006ce700000|  0%| F|  |TS  2|AC  0|TAMS 0x00000006ce600000, 0x00000006ce600000|
| 217|0x00000006ce700000, 0x00000006ce700000, 0x00000006ce800000|  0%| F|  |TS  2|AC  0|TAMS 0x00000006ce700000, 0x00000006ce700000|
| 218|0x00000006ce800000, 0x00000006ce800000, 0x00000006ce900000|  0%| F|  |TS  2|AC  0|TAMS 0x00000006ce800000, 0x00000006ce800000|
| 219|0x00000006ce900000, 0x00000006ce900000, 0x00000006cea00000|  0%| F|  |TS  2|AC  0|TAMS 0x00000006ce900000, 0x00000006ce900000|
| 220|0x00000006cea00000, 0x00000006cea00000, 0x00000006ceb00000|  0%| F|  |TS  2|AC  0|TAMS 0x00000006cea00000, 0x00000006cea00000|
| 221|0x00000006ceb00000, 0x00000006ceb00000, 0x00000006cec00000|  0%| F|  |TS  2|AC  0|TAMS 0x00000006ceb00000, 0x00000006ceb00000|
| 222|0x00000006cec00000, 0x00000006cec00000, 0x00000006ced00000|  0%| F|  |TS  2|AC  0|TAMS 0x00000006cec00000, 0x00000006cec00000|
| 223|0x00000006ced00000, 0x00000006ced00000, 0x00000006cee00000|  0%| F|  |TS  2|AC  0|TAMS 0x00000006ced00000, 0x00000006ced00000|
| 224|0x00000006cee00000, 0x00000006cee00000, 0x00000006cef00000|  0%| F|  |TS  2|AC  0|TAMS 0x00000006cee00000, 0x00000006cee00000|
| 225|0x00000006cef00000, 0x00000006cef00000, 0x00000006cf000000|  0%| F|  |TS  2|AC  0|TAMS 0x00000006cef00000, 0x00000006cef00000|
| 226|0x00000006cf000000, 0x00000006cf000000, 0x00000006cf100000|  0%| F|  |TS  2|AC  0|TAMS 0x00000006cf000000, 0x00000006cf000000|
| 227|0x00000006cf100000, 0x00000006cf100000, 0x00000006cf200000|  0%| F|  |TS  2|AC  0|TAMS 0x00000006cf100000, 0x00000006cf100000|
| 228|0x00000006cf200000, 0x00000006cf200000, 0x00000006cf300000|  0%| F|  |TS  2|AC  0|TAMS 0x00000006cf200000, 0x00000006cf200000|
| 229|0x00000006cf300000, 0x00000006cf300000, 0x00000006cf400000|  0%| F|  |TS  2|AC  0|TAMS 0x00000006cf300000, 0x00000006cf300000|
| 230|0x00000006cf400000, 0x00000006cf400000, 0x00000006cf500000|  0%| F|  |TS  2|AC  0|TAMS 0x00000006cf400000, 0x00000006cf400000|
| 231|0x00000006cf500000, 0x00000006cf500000, 0x00000006cf600000|  0%| F|  |TS  2|AC  0|TAMS 0x00000006cf500000, 0x00000006cf500000|
| 232|0x00000006cf600000, 0x00000006cf600000, 0x00000006cf700000|  0%| F|  |TS  2|AC  0|TAMS 0x00000006cf600000, 0x00000006cf600000|
| 233|0x00000006cf700000, 0x00000006cf700000, 0x00000006cf800000|  0%| F|  |TS  2|AC  0|TAMS 0x00000006cf700000, 0x00000006cf700000|
| 234|0x00000006cf800000, 0x00000006cf800000, 0x00000006cf900000|  0%| F|  |TS  2|AC  0|TAMS 0x00000006cf800000, 0x00000006cf800000|
| 235|0x00000006cf900000, 0x00000006cf900000, 0x00000006cfa00000|  0%| F|  |TS  2|AC  0|TAMS 0x00000006cf900000, 0x00000006cf900000|
| 236|0x00000006cfa00000, 0x00000006cfa00000, 0x00000006cfb00000|  0%| F|  |TS  2|AC  0|TAMS 0x00000006cfa00000, 0x00000006cfa00000|
| 237|0x00000006cfb00000, 0x00000006cfb00000, 0x00000006cfc00000|  0%| F|  |TS  2|AC  0|TAMS 0x00000006cfb00000, 0x00000006cfb00000|
| 238|0x00000006cfc00000, 0x00000006cfc00000, 0x00000006cfd00000|  0%| F|  |TS  2|AC  0|TAMS 0x00000006cfc00000, 0x00000006cfc00000|
| 239|0x00000006cfd00000, 0x00000006cfd00000, 0x00000006cfe00000|  0%| F|  |TS  2|AC  0|TAMS 0x00000006cfd00000, 0x00000006cfd00000|
| 240|0x00000006cfe00000, 0x00000006cfe00000, 0x00000006cff00000|  0%| F|  |TS  2|AC  0|TAMS 0x00000006cfe00000, 0x00000006cfe00000|
| 241|0x00000006cff00000, 0x00000006cff00000, 0x00000006d0000000|  0%| F|  |TS  2|AC  0|TAMS 0x00000006cff00000, 0x00000006cff00000|
| 242|0x00000006d0000000, 0x00000006d0000000, 0x00000006d0100000|  0%| F|  |TS  2|AC  0|TAMS 0x00000006d0000000, 0x00000006d0000000|
| 243|0x00000006d0100000, 0x00000006d0100000, 0x00000006d0200000|  0%| F|  |TS  2|AC  0|TAMS 0x00000006d0100000, 0x00000006d0100000|
| 244|0x00000006d0200000, 0x00000006d0200000, 0x00000006d0300000|  0%| F|  |TS  2|AC  0|TAMS 0x00000006d0200000, 0x00000006d0200000|
| 245|0x00000006d0300000, 0x00000006d0300000, 0x00000006d0400000|  0%| F|  |TS  2|AC  0|TAMS 0x00000006d0300000, 0x00000006d0300000|
| 246|0x00000006d0400000, 0x00000006d0400000, 0x00000006d0500000|  0%| F|  |TS  2|AC  0|TAMS 0x00000006d0400000, 0x00000006d0400000|
| 247|0x00000006d0500000, 0x00000006d0500000, 0x00000006d0600000|  0%| F|  |TS  2|AC  0|TAMS 0x00000006d0500000, 0x00000006d0500000|
| 248|0x00000006d0600000, 0x00000006d0600000, 0x00000006d0700000|  0%| F|  |TS  2|AC  0|TAMS 0x00000006d0600000, 0x00000006d0600000|
| 249|0x00000006d0700000, 0x00000006d0700000, 0x00000006d0800000|  0%| F|  |TS  2|AC  0|TAMS 0x00000006d0700000, 0x00000006d0700000|
| 250|0x00000006d0800000, 0x00000006d0800000, 0x00000006d0900000|  0%| F|  |TS  2|AC  0|TAMS 0x00000006d0800000, 0x00000006d0800000|
| 251|0x00000006d0900000, 0x00000006d0900000, 0x00000006d0a00000|  0%| F|  |TS  2|AC  0|TAMS 0x00000006d0900000, 0x00000006d0900000|
| 252|0x00000006d0a00000, 0x00000006d0a00000, 0x00000006d0b00000|  0%| F|  |TS  2|AC  0|TAMS 0x00000006d0a00000, 0x00000006d0a00000|
| 253|0x00000006d0b00000, 0x00000006d0b00000, 0x00000006d0c00000|  0%| F|  |TS  2|AC  0|TAMS 0x00000006d0b00000, 0x00000006d0b00000|
| 254|0x00000006d0c00000, 0x00000006d0c966f0, 0x00000006d0d00000| 58%| E|  |TS  2|AC  0|TAMS 0x00000006d0c00000, 0x00000006d0c00000|
| 255|0x00000006d0d00000, 0x00000006d0e00000, 0x00000006d0e00000|100%| E|CS|TS  2|AC  0|TAMS 0x00000006d0d00000, 0x00000006d0d00000|

Card table byte_map: [0x00000270fe3e0000,0x00000270febe0000] byte_map_base: 0x00000270fadd9000

Marking Bits (Prev, Next): (CMBitMap*) 0x00000270e6f5fd78, (CMBitMap*) 0x00000270e6f5fd40
 Prev Bits: [0x0000027083fd0000, 0x0000027087f98000)
 Next Bits: [0x0000027080000000, 0x0000027083fc8000)

Polling page: 0x00000270e4e70000

CodeHeap 'non-profiled nmethods': size=120000Kb used=2057Kb max_used=2057Kb free=117942Kb
 bounds [0x00000270f6160000, 0x00000270f63d0000, 0x00000270fd690000]
CodeHeap 'profiled nmethods': size=120000Kb used=9386Kb max_used=9386Kb free=110613Kb
 bounds [0x00000270eec30000, 0x00000270ef560000, 0x00000270f6160000]
CodeHeap 'non-nmethods': size=5760Kb used=1403Kb max_used=1432Kb free=4356Kb
 bounds [0x00000270ee690000, 0x00000270ee900000, 0x00000270eec30000]
 total_blobs=6470 nmethods=4373 adapters=770
 compilation: enabled

Compilation events (10 events):
Event: 7.336 Thread 0x000002708aaba000 nmethod 4606 0x00000270ef543310 code [0x00000270ef543520, 0x00000270ef543b00]
Event: 7.336 Thread 0x000002708aaba000 4607   !   3       com.esri.arcgisruntime.internal.httpclient.impl.a::b (25 bytes)
Event: 7.337 Thread 0x000002708aaba000 nmethod 4607 0x00000270ef543d10 code [0x00000270ef543ee0, 0x00000270ef544290]
Event: 7.337 Thread 0x000002708aaae000 nmethod 4602 0x00000270f6357010 code [0x00000270f63571e0, 0x00000270f6357b38]
Event: 7.346 Thread 0x000002708aaba000 4608       3       com.sun.prism.impl.BaseResourceFactory::getCachedTexture (8 bytes)
Event: 7.347 Thread 0x000002708aaba000 nmethod 4608 0x00000270ef544410 code [0x00000270ef5445c0, 0x00000270ef5447d0]
Event: 7.347 Thread 0x000002708aaba000 4609       3       com.sun.prism.impl.BaseResourceFactory::getCachedTexture (398 bytes)
Event: 7.348 Thread 0x000002708aaba000 nmethod 4609 0x00000270ef544890 code [0x00000270ef544ca0, 0x00000270ef546c30]
Event: 7.349 Thread 0x000002708aaba000 4611       3       javafx.scene.Scene$MouseHandler::updateCursor (36 bytes)
Event: 7.350 Thread 0x000002708aaba000 nmethod 4611 0x00000270ef547590 code [0x00000270ef547760, 0x00000270ef547b60]

GC Heap History (6 events):
Event: 0.641 GC heap before
{Heap before GC invocations=0 (full 0):
 garbage-first heap   total 262144K, used 24576K [0x00000006c0e00000, 0x00000007c0000000)
  region size 1024K, 24 young (24576K), 0 survivors (0K)
 Metaspace       used 17337K, capacity 17778K, committed 18048K, reserved 1064960K
  class space    used 2188K, capacity 2389K, committed 2432K, reserved 1048576K
}
Event: 0.645 GC heap after
{Heap after GC invocations=1 (full 0):
 garbage-first heap   total 262144K, used 4887K [0x00000006c0e00000, 0x00000007c0000000)
  region size 1024K, 3 young (3072K), 3 survivors (3072K)
 Metaspace       used 17337K, capacity 17778K, committed 18048K, reserved 1064960K
  class space    used 2188K, capacity 2389K, committed 2432K, reserved 1048576K
}
Event: 0.761 GC heap before
{Heap before GC invocations=1 (full 0):
 garbage-first heap   total 262144K, used 13079K [0x00000006c0e00000, 0x00000007c0000000)
  region size 1024K, 12 young (12288K), 3 survivors (3072K)
 Metaspace       used 20739K, capacity 21173K, committed 21296K, reserved 1067008K
  class space    used 2602K, capacity 2829K, committed 2864K, reserved 1048576K
}
Event: 0.765 GC heap after
{Heap after GC invocations=2 (full 0):
 garbage-first heap   total 262144K, used 6190K [0x00000006c0e00000, 0x00000007c0000000)
  region size 1024K, 5 young (5120K), 5 survivors (5120K)
 Metaspace       used 20739K, capacity 21173K, committed 21296K, reserved 1067008K
  class space    used 2602K, capacity 2829K, committed 2864K, reserved 1048576K
}
Event: 2.898 GC heap before
{Heap before GC invocations=3 (full 0):
 garbage-first heap   total 262144K, used 44078K [0x00000006c0e00000, 0x00000007c0000000)
  region size 1024K, 40 young (40960K), 5 survivors (5120K)
 Metaspace       used 28966K, capacity 29600K, committed 29872K, reserved 1075200K
  class space    used 3608K, capacity 3917K, committed 4016K, reserved 1048576K
}
Event: 2.905 GC heap after
{Heap after GC invocations=4 (full 0):
 garbage-first heap   total 262144K, used 12148K [0x00000006c0e00000, 0x00000007c0000000)
  region size 1024K, 5 young (5120K), 5 survivors (5120K)
 Metaspace       used 28966K, capacity 29600K, committed 29872K, reserved 1075200K
  class space    used 3608K, capacity 3917K, committed 4016K, reserved 1048576K
}

Deoptimization events (10 events):
Event: 3.535 Thread 0x0000027096649800 Uncommon trap: reason=unstable_if action=reinterpret pc=0x00000270f624e9ec method=java.lang.String.indexOf(Ljava/lang/String;)I @ 8 c2
Event: 3.802 Thread 0x000002708b1b5800 Uncommon trap: reason=unstable_if action=reinterpret pc=0x00000270f62a6acc method=com.sun.javafx.text.TextRun.getPosX(I)F @ 29 c2
Event: 4.975 Thread 0x00000270988f3800 Uncommon trap: reason=predicate action=maybe_recompile pc=0x00000270f62dea4c method=java.util.AbstractCollection.toArray([Ljava/lang/Object;)[Ljava/lang/Object; @ 46 c2
Event: 5.061 Thread 0x000002709664a000 Uncommon trap: reason=array_check action=maybe_recompile pc=0x00000270f62e1950 method=java.util.AbstractCollection.toArray([Ljava/lang/Object;)[Ljava/lang/Object; @ 116 c2
Event: 5.062 Thread 0x000002709664a000 Uncommon trap: reason=array_check action=maybe_recompile pc=0x00000270f62e1950 method=java.util.AbstractCollection.toArray([Ljava/lang/Object;)[Ljava/lang/Object; @ 116 c2
Event: 5.068 Thread 0x00000270988f7800 Uncommon trap: reason=array_check action=maybe_recompile pc=0x00000270f62e1950 method=java.util.AbstractCollection.toArray([Ljava/lang/Object;)[Ljava/lang/Object; @ 116 c2
Event: 5.068 Thread 0x00000270988f7800 Uncommon trap: reason=array_check action=maybe_recompile pc=0x00000270f62e1950 method=java.util.AbstractCollection.toArray([Ljava/lang/Object;)[Ljava/lang/Object; @ 116 c2
Event: 5.153 Thread 0x0000027098906800 Uncommon trap: reason=predicate action=maybe_recompile pc=0x00000270f62ecaec method=java.util.AbstractCollection.toArray([Ljava/lang/Object;)[Ljava/lang/Object; @ 46 c2
Event: 5.153 Thread 0x0000027098906800 Uncommon trap: reason=predicate action=maybe_recompile pc=0x00000270f62e69f8 method=java.util.AbstractCollection.toArray([Ljava/lang/Object;)[Ljava/lang/Object; @ 46 c2
Event: 6.312 Thread 0x0000027098906800 Uncommon trap: reason=intrinsic_or_type_checked_inlining action=make_not_entrant pc=0x00000270f633f34c method=java.util.ArrayList.toArray([Ljava/lang/Object;)[Ljava/lang/Object; @ 36 c2

Classes redefined (0 events):
No events

Internal exceptions (10 events):
Event: 7.325 Thread 0x0000027098906000 Exception <a 'java/net/SocketTimeoutException'{0x00000006caad14c8}: Read timed out> (0x00000006caad14c8) thrown at [t:/workspace/open/src/hotspot/share/prims/jni.cpp, line 632]
Event: 7.325 Thread 0x0000027096648800 Exception <a 'java/net/SocketTimeoutException'{0x00000006ca9c7c98}: Read timed out> (0x00000006ca9c7c98) thrown at [t:/workspace/open/src/hotspot/share/prims/jni.cpp, line 632]
Event: 7.325 Thread 0x000002709890c000 Exception <a 'java/net/SocketTimeoutException'{0x00000006ca881670}: Read timed out> (0x00000006ca881670) thrown at [t:/workspace/open/src/hotspot/share/prims/jni.cpp, line 632]
Event: 7.325 Thread 0x0000027098903800 Exception <a 'java/net/SocketTimeoutException'{0x00000006cc931dd0}: Read timed out> (0x00000006cc931dd0) thrown at [t:/workspace/open/src/hotspot/share/prims/jni.cpp, line 632]
Event: 7.325 Thread 0x000002709890d000 Exception <a 'java/net/SocketTimeoutException'{0x00000006ca9a6c40}: Read timed out> (0x00000006ca9a6c40) thrown at [t:/workspace/open/src/hotspot/share/prims/jni.cpp, line 632]
Event: 7.329 Thread 0x0000027098901000 Exception <a 'java/net/SocketTimeoutException'{0x00000006ca44d038}: Read timed out> (0x00000006ca44d038) thrown at [t:/workspace/open/src/hotspot/share/prims/jni.cpp, line 632]
Event: 7.329 Thread 0x00000270988ff800 Exception <a 'java/net/SocketTimeoutException'{0x00000006ca48a510}: Read timed out> (0x00000006ca48a510) thrown at [t:/workspace/open/src/hotspot/share/prims/jni.cpp, line 632]
Event: 7.329 Thread 0x00000270988f6800 Exception <a 'java/net/SocketTimeoutException'{0x00000006ca5cae30}: Read timed out> (0x00000006ca5cae30) thrown at [t:/workspace/open/src/hotspot/share/prims/jni.cpp, line 632]
Event: 7.331 Thread 0x000002709dfeb000 Exception <a 'java/net/SocketTimeoutException'{0x00000006ca4cd418}: Read timed out> (0x00000006ca4cd418) thrown at [t:/workspace/open/src/hotspot/share/prims/jni.cpp, line 632]
Event: 7.336 Thread 0x00000270988f0800 Exception <a 'java/net/SocketTimeoutException'{0x00000006cc064a60}: Read timed out> (0x00000006cc064a60) thrown at [t:/workspace/open/src/hotspot/share/prims/jni.cpp, line 632]

Events (10 events):
Event: 7.327 Thread 0x000002709dfea000 Thread added: 0x000002709dfea000
Event: 7.327 Thread 0x000002709dfea000 Thread exited: 0x000002709dfea000
Event: 7.327 Thread 0x000002709dfec800 Thread added: 0x000002709dfec800
Event: 7.327 Thread 0x000002709dfec800 Thread exited: 0x000002709dfec800
Event: 7.327 Thread 0x000002709dfe9000 Thread added: 0x000002709dfe9000
Event: 7.327 Thread 0x000002709dfe9000 Thread exited: 0x000002709dfe9000
Event: 7.327 Thread 0x000002709dfe8800 Thread added: 0x000002709dfe8800
Event: 7.327 Thread 0x000002709dfe8800 Thread exited: 0x000002709dfe8800
Event: 7.327 Thread 0x000002709dfe7000 Thread added: 0x000002709dfe7000
Event: 7.327 Thread 0x000002709dfe7000 Thread exited: 0x000002709dfe7000


Dynamic libraries:
0x00007ff69de00000 - 0x00007ff69de3e000 	C:\Program Files\Java\jre-10.0.2\bin\javaw.exe
0x00007ffaaa8c0000 - 0x00007ffaaaaa1000 	C:\WINDOWS\SYSTEM32\ntdll.dll
0x00007ffaa9630000 - 0x00007ffaa96e2000 	C:\WINDOWS\System32\KERNEL32.DLL
0x00007ffaa6f80000 - 0x00007ffaa71f3000 	C:\WINDOWS\System32\KERNELBASE.dll
0x00007ffaa7d50000 - 0x00007ffaa7df1000 	C:\WINDOWS\System32\ADVAPI32.dll
0x00007ffaa9590000 - 0x00007ffaa962e000 	C:\WINDOWS\System32\msvcrt.dll
0x00007ffaa92a0000 - 0x00007ffaa92fb000 	C:\WINDOWS\System32\sechost.dll
0x00007ffaaa310000 - 0x00007ffaaa434000 	C:\WINDOWS\System32\RPCRT4.dll
0x00007ffaa9a60000 - 0x00007ffaa9bf0000 	C:\WINDOWS\System32\USER32.dll
0x00007ffaa7d30000 - 0x00007ffaa7d50000 	C:\WINDOWS\System32\win32u.dll
0x00007ffaa96f0000 - 0x00007ffaa9718000 	C:\WINDOWS\System32\GDI32.dll
0x00007ffaa6de0000 - 0x00007ffaa6f72000 	C:\WINDOWS\System32\gdi32full.dll
0x00007ffaa6c90000 - 0x00007ffaa6d2f000 	C:\WINDOWS\System32\msvcp_win.dll
0x00007ffaa7200000 - 0x00007ffaa72fa000 	C:\WINDOWS\System32\ucrtbase.dll
0x00007ffa9f980000 - 0x00007ffa9fbe9000 	C:\WINDOWS\WinSxS\amd64_microsoft.windows.common-controls_6595b64144ccf1df_6.0.17134.523_none_fb409dd930672a56\COMCTL32.dll
0x00007ffaa18a0000 - 0x00007ffaa18aa000 	C:\WINDOWS\SYSTEM32\VERSION.dll
0x00007ffaa9730000 - 0x00007ffaa9a52000 	C:\WINDOWS\System32\combase.dll
0x00007ffaa75a0000 - 0x00007ffaa761a000 	C:\WINDOWS\System32\bcryptPrimitives.dll
0x00007ffaa9ce0000 - 0x00007ffaa9d0d000 	C:\WINDOWS\System32\IMM32.DLL
0x00007ffa993b0000 - 0x00007ffa9949f000 	C:\Program Files\Java\jre-10.0.2\bin\api-ms-win-crt-utility-l1-1-0.dll
0x00007ffa87e00000 - 0x00007ffa87ea6000 	C:\Program Files\Java\jre-10.0.2\bin\msvcp120.dll
0x000000006afd0000 - 0x000000006ba40000 	C:\Program Files\Java\jre-10.0.2\bin\server\jvm.dll
0x00007ffaa9720000 - 0x00007ffaa9728000 	C:\WINDOWS\System32\PSAPI.DLL
0x00007ffaa38b0000 - 0x00007ffaa38b9000 	C:\WINDOWS\SYSTEM32\WSOCK32.dll
0x00007ffaa4990000 - 0x00007ffaa49b3000 	C:\WINDOWS\SYSTEM32\WINMM.dll
0x00007ffaa9c70000 - 0x00007ffaa9cdc000 	C:\WINDOWS\System32\WS2_32.dll
0x00007ffaa4770000 - 0x00007ffaa479a000 	C:\WINDOWS\SYSTEM32\WINMMBASE.dll
0x00007ffaa6d30000 - 0x00007ffaa6d79000 	C:\Program Files\Java\jre-10.0.2\bin\msvcp140.dll
0x00007ffa9d100000 - 0x00007ffa9d10f000 	C:\Program Files\Java\jre-10.0.2\bin\verify.dll
0x00007ffa98ad0000 - 0x00007ffa98c99000 	C:\WINDOWS\SYSTEM32\DBGHELP.DLL
0x00007ffa98730000 - 0x00007ffa98759000 	C:\WINDOWS\SYSTEM32\dbgcore.DLL
0x00007ffa995e0000 - 0x00007ffa99607000 	C:\Program Files\Java\jre-10.0.2\bin\java.dll
0x00007ffa9a000000 - 0x00007ffa9a016000 	C:\Program Files\Java\jre-10.0.2\bin\prism_d3d.dll
0x00007ffa9d0f0000 - 0x00007ffa9d0fa000 	C:\Program Files\Java\jre-10.0.2\bin\jimage.dll
0x00007ffaa7e60000 - 0x00007ffaa92a0000 	C:\WINDOWS\System32\SHELL32.dll
0x00007ffaa9430000 - 0x00007ffaa94d9000 	C:\WINDOWS\System32\shcore.dll
0x00007ffaa7620000 - 0x00007ffaa7d2d000 	C:\WINDOWS\System32\windows.storage.dll
0x00007ffaaa0e0000 - 0x00007ffaaa131000 	C:\WINDOWS\System32\shlwapi.dll
0x00007ffaa6c50000 - 0x00007ffaa6c61000 	C:\WINDOWS\System32\kernel.appcore.dll
0x00007ffaa6c70000 - 0x00007ffaa6c8f000 	C:\WINDOWS\system32\uxtheme.dll
0x00007ffaa6c00000 - 0x00007ffaa6c4c000 	C:\WINDOWS\System32\powrprof.dll
0x00007ffaa6bd0000 - 0x00007ffaa6bda000 	C:\WINDOWS\System32\DriverStore\FileRepository\nv_ref_pubwu.inf_amd64_2e7fa54192fe16d0\nvldumdx.dll
0x000002708b7e0000 - 0x000002708b7e3000 	C:\Program Files\Java\jre-10.0.2\bin\api-ms-win-core-console-l1-1-0.dll
0x000002708b7f0000 - 0x000002708b7f3000 	C:\Program Files\Java\jre-10.0.2\bin\api-ms-win-core-datetime-l1-1-0.dll
0x000002708b800000 - 0x000002708b803000 	C:\Program Files\Java\jre-10.0.2\bin\api-ms-win-core-debug-l1-1-0.dll
0x000002708b810000 - 0x000002708b813000 	C:\Program Files\Java\jre-10.0.2\bin\api-ms-win-core-errorhandling-l1-1-0.dll
0x000002708b820000 - 0x000002708b824000 	C:\Program Files\Java\jre-10.0.2\bin\api-ms-win-core-file-l1-1-0.dll
0x000002708b830000 - 0x000002708b833000 	C:\Program Files\Java\jre-10.0.2\bin\api-ms-win-core-file-l1-2-0.dll
0x000002708b840000 - 0x000002708b843000 	C:\Program Files\Java\jre-10.0.2\bin\api-ms-win-core-file-l2-1-0.dll
0x000002708b850000 - 0x000002708b853000 	C:\Program Files\Java\jre-10.0.2\bin\api-ms-win-core-handle-l1-1-0.dll
0x000002708b860000 - 0x000002708b863000 	C:\Program Files\Java\jre-10.0.2\bin\api-ms-win-core-heap-l1-1-0.dll
0x000002708b870000 - 0x000002708b873000 	C:\WINDOWS\SYSTEM32\CRYPTSP.dll
0x000002708b880000 - 0x000002708b883000 	C:\Program Files\Java\jre-10.0.2\bin\api-ms-win-core-libraryloader-l1-1-0.dll
0x000002708b890000 - 0x000002708b893000 	C:\WINDOWS\system32\rsaenh.dll
0x000002708b8a0000 - 0x000002708b8a3000 	C:\Program Files\Java\jre-10.0.2\bin\api-ms-win-core-memory-l1-1-0.dll
0x000002708b8b0000 - 0x000002708b8b3000 	C:\WINDOWS\SYSTEM32\bcrypt.dll
0x000002708b8c0000 - 0x000002708b8c3000 	C:\Program Files\Java\jre-10.0.2\bin\api-ms-win-core-processenvironment-l1-1-0.dll
0x000002708b8d0000 - 0x000002708b8d3000 	C:\Program Files\Java\jre-10.0.2\bin\api-ms-win-core-processthreads-l1-1-0.dll
0x000002708b8e0000 - 0x000002708b8e3000 	C:\Program Files\Java\jre-10.0.2\bin\api-ms-win-core-processthreads-l1-1-1.dll
0x000002708b8f0000 - 0x000002708b8f3000 	C:\Program Files\Java\jre-10.0.2\bin\api-ms-win-core-profile-l1-1-0.dll
0x000002708b900000 - 0x000002708b903000 	C:\WINDOWS\system32\nvspcap64.dll
0x000002708b910000 - 0x000002708b913000 	C:\Program Files\Java\jre-10.0.2\bin\api-ms-win-core-string-l1-1-0.dll
0x000002708b920000 - 0x000002708b923000 	C:\WINDOWS\System32\ole32.dll
0x000002708b930000 - 0x000002708b933000 	C:\Program Files\Java\jre-10.0.2\bin\api-ms-win-core-synch-l1-2-0.dll
0x000002708b940000 - 0x000002708b943000 	C:\Program Files\Java\jre-10.0.2\bin\api-ms-win-core-sysinfo-l1-1-0.dll
0x000002708b950000 - 0x000002708b953000 	C:\WINDOWS\SYSTEM32\ntmarta.dll
0x000002708b960000 - 0x000002708b963000 	C:\Program Files\Java\jre-10.0.2\bin\api-ms-win-core-util-l1-1-0.dll
0x000002708b970000 - 0x000002708b973000 	C:\Program Files\Java\jre-10.0.2\bin\glass.dll
0x000002708b980000 - 0x000002708b984000 	C:\Program Files\Java\jre-10.0.2\bin\api-ms-win-crt-convert-l1-1-0.dll
0x000002708b990000 - 0x000002708b993000 	C:\Program Files\Java\jre-10.0.2\bin\api-ms-win-crt-environment-l1-1-0.dll
0x000002708b9a0000 - 0x000002708b9a3000 	C:\WINDOWS\System32\MSCTF.dll
0x000002708b9b0000 - 0x000002708b9b3000 	C:\Program Files\Java\jre-10.0.2\bin\api-ms-win-crt-heap-l1-1-0.dll
0x000002708b9c0000 - 0x000002708b9c3000 	C:\Program Files (x86)\NVIDIA Corporation\3D Vision\nvSCPAPI64.dll
0x000002708b9d0000 - 0x000002708b9d5000 	C:\Program Files\Java\jre-10.0.2\bin\api-ms-win-crt-math-l1-1-0.dll
0x000002708b9e0000 - 0x000002708b9e5000 	C:\Program Files\Java\jre-10.0.2\bin\api-ms-win-crt-multibyte-l1-1-0.dll
0x000002708b9f0000 - 0x000002708ba00000 	C:\Program Files\Java\jre-10.0.2\bin\net.dll
0x000002708ba00000 - 0x000002708ba03000 	C:\Program Files\Java\jre-10.0.2\bin\api-ms-win-crt-process-l1-1-0.dll
0x000002708ba10000 - 0x000002708ba14000 	C:\Program Files\Java\jre-10.0.2\bin\api-ms-win-crt-runtime-l1-1-0.dll
0x000002708ba20000 - 0x000002708ba24000 	C:\WINDOWS\system32\mswsock.dll
0x000002708ba30000 - 0x000002708ba34000 	C:\Program Files\Java\jre-10.0.2\bin\api-ms-win-crt-string-l1-1-0.dll
0x000002708ba40000 - 0x000002708ba43000 	C:\Program Files\Java\jre-10.0.2\bin\api-ms-win-crt-time-l1-1-0.dll
0x000002708ba50000 - 0x000002708ba53000 	C:\Program Files\Java\jre-10.0.2\bin\api-ms-win-crt-utility-l1-1-0.dll
0x00007ffa7fc70000 - 0x00007ffa7fd66000 	C:\Program Files\Java\jre-10.0.2\bin\ucrtbase.dll
0x00007ffa947d0000 - 0x00007ffa947e6000 	C:\Program Files\Java\jre-10.0.2\bin\vcruntime140.dll
0x00007ffa7fbd0000 - 0x00007ffa7fc6c000 	C:\Program Files\Java\jre-10.0.2\bin\msvcp140.dll
0x00007ffa8d520000 - 0x00007ffa8d571000 	C:\Program Files\Java\jre-10.0.2\bin\concrt140.dll
0x00007ffa91d00000 - 0x00007ffa91d23000 	C:\Program Files\Java\jre-10.0.2\bin\prism_d3d.dll
0x00007ffa79ed0000 - 0x00007ffa7a067000 	C:\Program Files\Java\jre-10.0.2\bin\fontmanager.dll
0x00007ffaa5360000 - 0x00007ffaa5389000 	C:\WINDOWS\SYSTEM32\dwmapi.dll
0x00007ffaa5290000 - 0x00007ffaa5328000 	C:\WINDOWS\system32\uxtheme.dll
0x00007ffa9e2a0000 - 0x00007ffa9e38a000 	C:\WINDOWS\System32\clbcatq.dll
0x00007ffaa7300000 - 0x00007ffaa74e2000 	C:\WINDOWS\System32\crypt32.dll
0x00007ffaa6be0000 - 0x00007ffaa6bf2000 	C:\WINDOWS\System32\MSASN1.dll
0x00007ffaa6d80000 - 0x00007ffaa6dd7000 	C:\WINDOWS\system32\dataexchange.dll
0x00007ffaaa2f0000 - 0x00007ffaaa30d000 	C:\WINDOWS\System32\imagehlp.dll
0x00007ffaa6600000 - 0x00007ffaa6617000 	C:\WINDOWS\SYSTEM32\CRYPTSP.dll
0x00007ffaa6030000 - 0x00007ffaa6063000 	C:\WINDOWS\system32\d3d11.dll
0x00007ffaa6730000 - 0x00007ffaa6755000 	C:\WINDOWS\system32\dxgi.dll
0x00007ffaa6620000 - 0x00007ffaa662b000 	C:\WINDOWS\SYSTEM32\CRYPTBASE.dll
0x00007ffa566e0000 - 0x00007ffa578b6000 	C:\WINDOWS\System32\DriverStore\FileRepository\nv_ref_pubwu.inf_amd64_2e7fa54192fe16d0\nvd3dumx.dll
0x00007ffa92640000 - 0x00007ffa928a6000 	C:\WINDOWS\system32\RMCLIENT.dll
0x00007ffaa9e90000 - 0x00007ffaa9fe1000 	C:\WINDOWS\System32\ole32.dll
0x00007ffaa9360000 - 0x00007ffaa9422000 	C:\WINDOWS\System32\OLEAUT32.dll
0x00007ffaa5cc0000 - 0x00007ffaa5cf1000 	C:\WINDOWS\System32\KERNELBASE.dll
0x00007ffa8c390000 - 0x00007ffa8c3da000 	C:\WINDOWS\System32\gdi32full.dll
0x00007ffaa9ff0000 - 0x00007ffaaa0dd000 	C:\WINDOWS\System32\combase.dll
0x00007ffaa9d10000 - 0x00007ffaa9e83000 	C:\Program Files\Java\jre-10.0.2\bin\msvcp120.dll
0x00007ffa9e020000 - 0x00007ffa9e10b000 	C:\WINDOWS\SYSTEM32\WINMM.dll
0x00007ffaaa440000 - 0x00007ffaaa88b000 	C:\WINDOWS\System32\cfgmgr32.dll
0x00007ffa99110000 - 0x00007ffa9912a000 	C:\WINDOWS\SYSTEM32\dbgcore.DLL
0x00007ffa9e110000 - 0x00007ffa9e1ed000 	C:\Program Files\Java\jre-10.0.2\bin\jimage.dll
0x00007ffaa6450000 - 0x00007ffaa64b6000 	C:\WINDOWS\System32\windows.storage.dll
0x00007ffa99030000 - 0x00007ffa99041000 	C:\WINDOWS\System32\kernel.appcore.dll
0x00007ffa94600000 - 0x00007ffa94614000 	C:\WINDOWS\System32\powrprof.dll
0x00007ffa7e9d0000 - 0x00007ffa7eb6b000 	C:\Program Files\Java\jre-10.0.2\bin\api-ms-win-core-datetime-l1-1-0.dll
0x00007ffaa41a0000 - 0x00007ffaa4767000 	C:\Program Files\Java\jre-10.0.2\bin\api-ms-win-core-errorhandling-l1-1-0.dll
0x00007ffaa5010000 - 0x00007ffaa509b000 	C:\Program Files\Java\jre-10.0.2\bin\api-ms-win-core-file-l1-2-0.dll
0x00007ffa8b1d0000 - 0x00007ffa8b235000 	C:\Program Files\Java\jre-10.0.2\bin\api-ms-win-core-handle-l1-1-0.dll
0x00007ffa912a0000 - 0x00007ffa915bc000 	C:\Program Files\Java\jre-10.0.2\bin\api-ms-win-core-interlocked-l1-1-0.dll
0x00007ffaa94e0000 - 0x00007ffaa9580000 	C:\Program Files\Java\jre-10.0.2\bin\api-ms-win-core-localization-l1-2-0.dll
0x00007ffaa2da0000 - 0x00007ffaa2f4e000 	C:\Program Files\Java\jre-10.0.2\bin\api-ms-win-core-namedpipe-l1-1-0.dll
0x00007ffa8efb0000 - 0x00007ffa8f008000 	C:\Program Files\Java\jre-10.0.2\bin\api-ms-win-core-processthreads-l1-1-0.dll
0x00007ffaa47a0000 - 0x00007ffaa493c000 	C:\Program Files\Java\jre-10.0.2\bin\api-ms-win-core-processthreads-l1-1-1.dll
0x00007ffaa3e90000 - 0x00007ffaa419b000 	C:\Program Files\Java\jre-10.0.2\bin\api-ms-win-core-rtlsupport-l1-1-0.dll
0x00007ffaa5990000 - 0x00007ffaa5a4b000 	C:\Program Files\Java\jre-10.0.2\bin\api-ms-win-core-synch-l1-1-0.dll
0x00007ffaa53c0000 - 0x00007ffaa5578000 	C:\WINDOWS\system32\twinapi.appcore.dll
0x00007ffaa5390000 - 0x00007ffaa53b1000 	C:\Program Files\Java\jre-10.0.2\bin\api-ms-win-core-timezone-l1-1-0.dll
0x00007ffa8ca90000 - 0x00007ffa8cac4000 	C:\Program Files\Java\jre-10.0.2\bin\api-ms-win-crt-conio-l1-1-0.dll

dbghelp: loaded successfully - version: 4.0.5 - missing functions: none
symbol engine: initialized successfully - sym options: 0x614 - pdb path: .;C:\Program Files\Java\jre-10.0.2\bin;C:\WINDOWS\SYSTEM32;C:\WINDOWS\WinSxS\amd64_microsoft.windows.common-controls_6595b64144ccf1df_6.0.17134.523_none_fb409dd930672a56;C:\Program Files\Java\jre-10.0.2\bin\server;C:\WINDOWS\System32\DriverStore\FileRepository\nv_ref_pubwu.inf_amd64_2e7fa54192fe16d0;C:\Program Files (x86)\NVIDIA Corporation\3D Vision;C:\Program Files\Common Files\Microsoft Shared\Ink;C:\Users\Admin\.arcgis\100.4.0\jniLibs\WIN64

VM Arguments:
jvm_args: -Dfile.encoding=Cp1250 
java_command: kretowicz_komosinski.app.FindYourSatelite
java_class_path (initial): C:\Users\Admin\Desktop\komosinskid_kretowiczw\Find your satelite\bin;C:\Users\Admin\.gradle\caches\modules-2\files-2.1\com.esri.arcgisruntime\arcgis-java\100.4.0\c9b680ef1555cb2ae7d1761c43ff4820f20acecf\arcgis-java-100.4.0.jar;C:\Users\Admin\.gradle\caches\modules-2\files-2.1\com.google.code.gson\gson\2.8.5\f645ed69d595b24d4cf8b3fbb64cc505bede8829\gson-2.8.5.jar;C:\Users\Admin\.gradle\caches\modules-2\files-2.1\commons-logging\commons-logging\1.2\4bfc12adfe4842bf07b657f0369c4cb522955686\commons-logging-1.2.jar;C:\Users\Admin\.gradle\caches\modules-2\files-2.1\commons-codec\commons-codec\1.11\3acb4705652e16236558f0f4f2192cc33c3bd189\commons-codec-1.11.jar;C:\Users\Admin\Desktop\komosinskid_kretowiczw\Find your satelite\lib\json-20180813.jar
Launcher Type: SUN_STANDARD

Logging:
Log output configuration:
#0: stdout all=warning uptime,level,tags
#1: stderr all=off uptime,level,tags

Environment Variables:
PATH=C:\Program Files (x86)\Common Files\Oracle\Java\javapath;C:\Program Files (x86)\Intel\Intel(R) Management Engine Components\iCLS\;C:\Program Files\Intel\Intel(R) Management Engine Components\iCLS\;C:\Windows\system32;C:\Windows;C:\Windows\System32\Wbem;C:\Windows\System32\WindowsPowerShell\v1.0\;C:\Program Files (x86)\Intel\Intel(R) Management Engine Components\DAL;C:\Program Files\Intel\Intel(R) Management Engine Components\DAL;C:\Program Files (x86)\Intel\Intel(R) Management Engine Components\IPT;C:\Program Files\Intel\Intel(R) Management Engine Components\IPT;C:\Program Files (x86)\NVIDIA Corporation\PhysX\Common;C:\WINDOWS\system32;C:\WINDOWS;C:\WINDOWS\System32\Wbem;C:\WINDOWS\System32\WindowsPowerShell\v1.0\;C:\WINDOWS\System32\OpenSSH\;C:\Program Files\MiKTeX 2.9\miktex\bin\x64\;E:\Program Files (x86)\Matlab\bin;C:\Program Files\Git\cmd;C:\Anaconda;C:\Anaconda\Scripts;C:\Users\Admin\AppData\Local\Microsoft\WindowsApps
USERNAME=Admin
OS=Windows_NT
PROCESSOR_IDENTIFIER=Intel64 Family 6 Model 158 Stepping 10, GenuineIntel



---------------  S Y S T E M  ---------------

OS: Windows 10 , 64 bit Build 17134 (10.0.17134.1)

CPU:total 12 (initial active 12) (6 cores per cpu, 2 threads per core) family 6 model 158 stepping 10, cmov, cx8, fxsr, mmx, sse, sse2, sse3, ssse3, sse4.1, sse4.2, popcnt, avx, avx2, aes, clmul, erms, rtm, 3dnowpref, lzcnt, ht, tsc, tscinvbit, bmi1, bmi2, adx, fma

Memory: 4k page, physical 16718304k(11515052k free), swap 19208672k(11095956k free)

vm_info: Java HotSpot(TM) 64-Bit Server VM (10.0.2+13) for windows-amd64 JRE (10.0.2+13), built on Jun 28 2018 01:57:56 by "mach5one" with MS VC++ 12.0 (VS2013)

END.
